Log file open, 11/10/21 15:45:38
LogWindows: Failed to load 'aqProf.dll' (GetLastError=126)
LogWindows: File 'aqProf.dll' does not exist
LogWindows: Failed to load 'VtuneApi.dll' (GetLastError=126)
LogWindows: File 'VtuneApi.dll' does not exist
LogWindows: Failed to load 'VtuneApi32e.dll' (GetLastError=126)
LogWindows: File 'VtuneApi32e.dll' does not exist
LogConsoleResponse: Display: Failed to find resolution value strings in scalability ini. Falling back to default.
LogConsoleResponse: Display: Failed to find resolution value strings in scalability ini. Falling back to default.
LogInit: Display: Running engine for game: NIKKO
LogPlatformFile: Not using cached read wrapper
LogTaskGraph: Started task graph with 5 named threads and 23 total threads with 3 sets of task threads.
LogStats: Stats thread started at 0.516171
LogICUInternationalization: ICU TimeZone Detection - Raw Offset: +1:00, Platform Override: ''
LogInit: Display: Loading text-based GConfig....
LogPluginManager: Mounting plugin MegascansPlugin
LogPluginManager: Mounting plugin MeshPainting
LogPluginManager: Mounting plugin XGEController
LogPluginManager: Mounting plugin LiveLink
LogPluginManager: Mounting plugin Paper2D
LogPluginManager: Mounting plugin LightPropagationVolume
LogPluginManager: Mounting plugin CameraShakePreviewer
LogPluginManager: Mounting plugin OodleData
LogPluginManager: Mounting plugin GameplayCameras
LogPluginManager: Mounting plugin OodleNetwork
LogPluginManager: Mounting plugin AssetManagerEditor
LogPluginManager: Mounting plugin AnimationSharing
LogPluginManager: Mounting plugin CLionSourceCodeAccess
LogPluginManager: Mounting plugin KDevelopSourceCodeAccess
LogPluginManager: Mounting plugin GitSourceControl
LogPluginManager: Mounting plugin NullSourceCodeAccess
LogPluginManager: Mounting plugin CodeLiteSourceCodeAccess
LogPluginManager: Mounting plugin PerforceSourceControl
LogPluginManager: Mounting plugin PixWinPlugin
LogPluginManager: Mounting plugin PlasticSourceControl
LogPluginManager: Mounting plugin PluginUtils
LogPluginManager: Mounting plugin PropertyAccessNode
LogPluginManager: Mounting plugin SubversionSourceControl
LogPluginManager: Mounting plugin TextureFormatOodle
LogPluginManager: Mounting plugin CryptoKeys
LogPluginManager: Mounting plugin CurveEditorTools
LogPluginManager: Mounting plugin DataValidation
LogPluginManager: Mounting plugin UObjectPlugin
LogPluginManager: Mounting plugin GameplayTagsEditor
LogPluginManager: Mounting plugin EditorScriptingUtilities
LogPluginManager: Mounting plugin GeometryMode
LogPluginManager: Mounting plugin MaterialAnalyzer
LogPluginManager: Mounting plugin MacGraphicsSwitching
LogPluginManager: Mounting plugin MobileLauncherProfileWizard
LogPluginManager: Mounting plugin FacialAnimation
LogPluginManager: Mounting plugin SpeedTreeImporter
LogPluginManager: Mounting plugin PluginBrowser
LogPluginManager: Mounting plugin VisualStudioCodeSourceCodeAccess
LogPluginManager: Mounting plugin VisualStudioSourceCodeAccess
LogPluginManager: Mounting plugin XCodeSourceCodeAccess
LogPluginManager: Mounting plugin DatasmithContent
LogPluginManager: Mounting plugin VariantManagerContent
LogPluginManager: Mounting plugin AutomationUtils
LogPluginManager: Mounting plugin BackChannel
LogPluginManager: Mounting plugin AlembicImporter
LogPluginManager: Mounting plugin RiderSourceCodeAccess
LogPluginManager: Mounting plugin ChaosCloth
LogPluginManager: Mounting plugin ChaosNiagara
LogPluginManager: Mounting plugin ChaosEditor
LogPluginManager: Mounting plugin ChaosSolverPlugin
LogPluginManager: Mounting plugin ChaosClothEditor
LogPluginManager: Mounting plugin CharacterAI
LogPluginManager: Mounting plugin GeometryCache
LogPluginManager: Mounting plugin GeometryCollectionPlugin
LogPluginManager: Mounting plugin Niagara
LogPluginManager: Mounting plugin GeometryProcessing
LogPluginManager: Mounting plugin MotoSynth
LogPluginManager: Mounting plugin OpenImageDenoise
LogPluginManager: Mounting plugin PlanarCut
LogPluginManager: Mounting plugin PlatformCrypto
LogPluginManager: Mounting plugin ProxyLODPlugin
LogPluginManager: Mounting plugin PythonScriptPlugin
LogPluginManager: Mounting plugin SkeletalReduction
LogPluginManager: Mounting plugin LuminPlatformFeatures
LogPluginManager: Mounting plugin MagicLeap
LogPluginManager: Mounting plugin MagicLeapLightEstimation
LogPluginManager: Mounting plugin MagicLeapMedia
LogPluginManager: Mounting plugin MLSDK
LogPluginManager: Mounting plugin MagicLeapPassableWorld
LogPluginManager: Mounting plugin AndroidMedia
LogPluginManager: Mounting plugin AvfMedia
LogPluginManager: Mounting plugin ImgMedia
LogPluginManager: Mounting plugin MediaCompositing
LogPluginManager: Mounting plugin MediaPlayerEditor
LogPluginManager: Mounting plugin WebMMedia
LogPluginManager: Mounting plugin WmfMedia
LogPluginManager: Mounting plugin TcpMessaging
LogPluginManager: Mounting plugin ActorSequence
LogPluginManager: Mounting plugin UdpMessaging
LogPluginManager: Mounting plugin MatineeToLevelSequence
LogPluginManager: Mounting plugin LevelSequenceEditor
LogPluginManager: Mounting plugin OnlineSubsystem
LogPluginManager: Mounting plugin OnlineSubsystemNull
LogPluginManager: Mounting plugin LauncherChunkInstaller
LogPluginManager: Mounting plugin ScreenshotTools
LogPluginManager: Mounting plugin TemplateSequence
LogPluginManager: Mounting plugin Takes
LogPluginManager: Mounting plugin AISupport
LogPluginManager: Mounting plugin EnvironmentQueryEditor
LogPluginManager: Mounting plugin ActorLayerUtilities
LogPluginManager: Mounting plugin AndroidDeviceProfileSelector
LogPluginManager: Mounting plugin AndroidMoviePlayer
LogPluginManager: Mounting plugin AndroidPermission
LogPluginManager: Mounting plugin AppleImageUtils
LogPluginManager: Mounting plugin AppleMoviePlayer
LogPluginManager: Mounting plugin ArchVisCharacter
LogPluginManager: Mounting plugin AssetTags
LogPluginManager: Mounting plugin AudioCapture
LogPluginManager: Mounting plugin AudioSynesthesia
LogPluginManager: Mounting plugin CableComponent
LogPluginManager: Mounting plugin ChunkDownloader
LogPluginManager: Mounting plugin CustomMeshComponent
LogPluginManager: Mounting plugin EditableMesh
LogPluginManager: Mounting plugin ExampleDeviceProfileSelector
LogPluginManager: Mounting plugin GoogleCloudMessaging
LogPluginManager: Mounting plugin GooglePAD
LogPluginManager: Mounting plugin IOSDeviceProfileSelector
LogPluginManager: Mounting plugin LinuxDeviceProfileSelector
LogPluginManager: Mounting plugin LocationServicesBPLibrary
LogPluginManager: Mounting plugin MobilePatchingUtils
LogPluginManager: Mounting plugin OpenXREyeTracker
LogPluginManager: Mounting plugin OpenXRHandTracking
LogPluginManager: Mounting plugin OpenXR
LogPluginManager: Mounting plugin PhysXVehicles
LogPluginManager: Mounting plugin PostSplashScreen
LogPluginManager: Mounting plugin ProceduralMeshComponent
LogPluginManager: Mounting plugin PropertyAccessEditor
LogPluginManager: Mounting plugin SignificanceManager
LogPluginManager: Mounting plugin SoundFields
LogPluginManager: Mounting plugin Synthesis
LogPluginManager: Mounting plugin RuntimePhysXCooking
LogPluginManager: Mounting plugin WebMMoviePlayer
LogPluginManager: Mounting plugin WindowsMoviePlayer
LogPluginManager: Mounting plugin OnlineSubsystemUtils
LogPluginManager: Mounting plugin ContentBrowserAssetDataSource
LogPluginManager: Mounting plugin ContentBrowserFileDataSource
LogPluginManager: Mounting plugin ContentBrowserClassDataSource
LogPluginManager: Mounting plugin OnlineSubsystemGooglePlay
LogPluginManager: Mounting plugin OnlineSubsystemIOS
LogPluginManager: Mounting plugin DatabaseSupport
LogPluginManager: Mounting plugin SQLiteCore
LogPluginManager: Mounting plugin SQLiteSupport
LogPluginManager: Mounting plugin OculusVR
LogPluginManager: Mounting plugin SteamVR
PixWinPlugin: PIX capture plugin failed to initialize! Check that the process is launched from PIX.
LogInit: Using libcurl 7.55.1-DEV
LogInit:  - built for x86_64-pc-win32
LogInit:  - supports SSL with OpenSSL/1.1.1
LogInit:  - supports HTTP deflate (compression) using libz 1.2.8
LogInit:  - other features:
LogInit:      CURL_VERSION_SSL
LogInit:      CURL_VERSION_LIBZ
LogInit:      CURL_VERSION_IPV6
LogInit:      CURL_VERSION_ASYNCHDNS
LogInit:      CURL_VERSION_LARGEFILE
LogInit:      CURL_VERSION_IDN
LogInit:  CurlRequestOptions (configurable via config and command line):
LogInit:  - bVerifyPeer = true  - Libcurl will verify peer certificate
LogInit:  - bUseHttpProxy = false  - Libcurl will NOT use HTTP proxy
LogInit:  - bDontReuseConnections = false  - Libcurl will reuse connections
LogInit:  - MaxHostConnections = 16  - Libcurl will limit the number of connections to a host
LogInit:  - LocalHostAddr = Default
LogInit:  - BufferSize = 65536
LogOnline: OSS: Creating online subsystem instance for: NULL
LogInit: WinSock: version 1.1 (2.2), MaxSocks=32767, MaxUdp=65467
LogOnline: OSS: TryLoadSubsystemAndSetDefault: Loaded subsystem for module [NULL]
LogOculusPluginWrapper: OculusPlugin initialized successfully
LogHMD: Failed initializing OVRPlugin 1.59.0
LogInit: Build: ++UE4+Release-4.27-CL-17735300
LogInit: Engine Version: 4.27.1-17735300+++UE4+Release-4.27
LogInit: Compatible Engine Version: 4.27.0-17155196+++UE4+Release-4.27
LogInit: Net CL: 17155196
LogInit: OS: Windows 10 (Release 2009) (), CPU: AMD Ryzen 5 3550H with Radeon Vega Mobile Gfx  , GPU: AMD Radeon(TM) Vega 8 Graphics
LogInit: Compiled (64-bit): Oct  6 2021 14:42:51
LogInit: Compiled with Visual C++: 19.24.28315.00
LogInit: Build Configuration: Development
LogInit: Branch Name: ++UE4+Release-4.27
LogInit: Command Line: 
LogInit: Base Directory: C:/Program Files/Epic Games/UE_4.27/Engine/Binaries/Win64/
LogInit: Allocator: TBB
LogInit: Installed Engine Build: 1
LogDevObjectVersion: Number of dev versions registered: 29
LogDevObjectVersion:   Dev-Blueprints (B0D832E4-1F89-4F0D-ACCF-7EB736FD4AA2): 10
LogDevObjectVersion:   Dev-Build (E1C64328-A22C-4D53-A36C-8E866417BD8C): 0
LogDevObjectVersion:   Dev-Core (375EC13C-06E4-48FB-B500-84F0262A717E): 4
LogDevObjectVersion:   Dev-Editor (E4B068ED-F494-42E9-A231-DA0B2E46BB41): 40
LogDevObjectVersion:   Dev-Framework (CFFC743F-43B0-4480-9391-14DF171D2073): 37
LogDevObjectVersion:   Dev-Mobile (B02B49B5-BB20-44E9-A304-32B752E40360): 3
LogDevObjectVersion:   Dev-Networking (A4E4105C-59A1-49B5-A7C5-40C4547EDFEE): 0
LogDevObjectVersion:   Dev-Online (39C831C9-5AE6-47DC-9A44-9C173E1C8E7C): 0
LogDevObjectVersion:   Dev-Physics (78F01B33-EBEA-4F98-B9B4-84EACCB95AA2): 14
LogDevObjectVersion:   Dev-Platform (6631380F-2D4D-43E0-8009-CF276956A95A): 0
LogDevObjectVersion:   Dev-Rendering (12F88B9F-8875-4AFC-A67C-D90C383ABD29): 45
LogDevObjectVersion:   Dev-Sequencer (7B5AE74C-D270-4C10-A958-57980B212A5A): 13
LogDevObjectVersion:   Dev-VR (D7296918-1DD6-4BDD-9DE2-64A83CC13884): 3
LogDevObjectVersion:   Dev-LoadTimes (C2A15278-BFE7-4AFE-6C17-90FF531DF755): 1
LogDevObjectVersion:   Private-Geometry (6EACA3D4-40EC-4CC1-B786-8BED09428FC5): 3
LogDevObjectVersion:   Dev-AnimPhys (29E575DD-E0A3-4627-9D10-D276232CDCEA): 17
LogDevObjectVersion:   Dev-Anim (AF43A65D-7FD3-4947-9873-3E8ED9C1BB05): 15
LogDevObjectVersion:   Dev-ReflectionCapture (6B266CEC-1EC7-4B8F-A30B-E4D90942FC07): 1
LogDevObjectVersion:   Dev-Automation (0DF73D61-A23F-47EA-B727-89E90C41499A): 1
LogDevObjectVersion:   FortniteMain (601D1886-AC64-4F84-AA16-D3DE0DEAC7D6): 47
LogDevObjectVersion:   FortniteRelease (E7086368-6B23-4C58-8439-1B7016265E91): 1
LogDevObjectVersion:   Dev-Enterprise (9DFFBCD6-494F-0158-E221-12823C92A888): 10
LogDevObjectVersion:   Dev-Niagara (F2AED0AC-9AFE-416F-8664-AA7FFA26D6FC): 1
LogDevObjectVersion:   Dev-Destruction (174F1F0B-B4C6-45A5-B13F-2EE8D0FB917D): 10
LogDevObjectVersion:   Dev-Physics-Ext (35F94A83-E258-406C-A318-09F59610247C): 41
LogDevObjectVersion:   Dev-PhysicsMaterial-Chaos (B68FC16E-8B1B-42E2-B453-215C058844FE): 1
LogDevObjectVersion:   Dev-CineCamera (B2E18506-4273-CFC2-A54E-F4BB758BBA07): 1
LogDevObjectVersion:   Dev-VirtualProduction (64F58936-FD1B-42BA-BA96-7289D5D0FA4E): 1
LogDevObjectVersion:   Dev-MediaFramework (6F0ED827-A609-4895-9C91-998D90180EA4): 2
LogInit: Presizing for max 25165824 objects, including 0 objects not considered by GC, pre-allocating 0 bytes for permanent pool.
LogConfig: Applying CVar settings from Section [/Script/Engine.StreamingSettings] File [C:/NIKKO-G4/Saved/Config/Windows/Engine.ini]
LogConfig: Setting CVar [[s.MinBulkDataSizeForAsyncLoading:131072]]
LogConfig: Setting CVar [[s.AsyncLoadingThreadEnabled:0]]
LogConfig: Setting CVar [[s.EventDrivenLoaderEnabled:1]]
LogConfig: Setting CVar [[s.WarnIfTimeLimitExceeded:0]]
LogConfig: Setting CVar [[s.TimeLimitExceededMultiplier:1.5]]
LogConfig: Setting CVar [[s.TimeLimitExceededMinTime:0.005]]
LogConfig: Setting CVar [[s.UseBackgroundLevelStreaming:1]]
LogConfig: Setting CVar [[s.PriorityAsyncLoadingExtraTime:15.0]]
LogConfig: Setting CVar [[s.LevelStreamingActorsUpdateTimeLimit:5.0]]
LogConfig: Setting CVar [[s.PriorityLevelStreamingActorsUpdateExtraTime:5.0]]
LogConfig: Setting CVar [[s.LevelStreamingComponentsRegistrationGranularity:10]]
LogConfig: Setting CVar [[s.UnregisterComponentsTimeLimit:1.0]]
LogConfig: Setting CVar [[s.LevelStreamingComponentsUnregistrationGranularity:5]]
LogConfig: Setting CVar [[s.FlushStreamingOnExit:1]]
LogInit: Object subsystem initialized
LogConfig: Setting CVar [[con.DebugEarlyDefault:1]]
LogConfig: Setting CVar [[r.setres:1280x720]]
[2021.11.10-14.45.39:496][  0]LogConfig: Setting CVar [[r.VSync:0]]
[2021.11.10-14.45.39:496][  0]LogConfig: Setting CVar [[r.RHICmdBypass:0]]
[2021.11.10-14.45.39:496][  0]LogConfig: Applying CVar settings from Section [/Script/Engine.RendererSettings] File [C:/NIKKO-G4/Saved/Config/Windows/Engine.ini]
[2021.11.10-14.45.39:496][  0]LogConfig: Setting CVar [[r.GPUCrashDebugging:0]]
[2021.11.10-14.45.39:496][  0]LogConfig: Applying CVar settings from Section [/Script/Engine.RendererOverrideSettings] File [C:/NIKKO-G4/Saved/Config/Windows/Engine.ini]
[2021.11.10-14.45.39:496][  0]LogConfig: Applying CVar settings from Section [/Script/Engine.StreamingSettings] File [C:/NIKKO-G4/Saved/Config/Windows/Engine.ini]
[2021.11.10-14.45.39:496][  0]LogConfig: Setting CVar [[s.MinBulkDataSizeForAsyncLoading:131072]]
[2021.11.10-14.45.39:496][  0]LogConfig: Setting CVar [[s.AsyncLoadingThreadEnabled:0]]
[2021.11.10-14.45.39:496][  0]LogConfig: Setting CVar [[s.EventDrivenLoaderEnabled:1]]
[2021.11.10-14.45.39:496][  0]LogConfig: Setting CVar [[s.WarnIfTimeLimitExceeded:0]]
[2021.11.10-14.45.39:496][  0]LogConfig: Setting CVar [[s.TimeLimitExceededMultiplier:1.5]]
[2021.11.10-14.45.39:496][  0]LogConfig: Setting CVar [[s.TimeLimitExceededMinTime:0.005]]
[2021.11.10-14.45.39:496][  0]LogConfig: Setting CVar [[s.UseBackgroundLevelStreaming:1]]
[2021.11.10-14.45.39:496][  0]LogConfig: Setting CVar [[s.PriorityAsyncLoadingExtraTime:15.0]]
[2021.11.10-14.45.39:496][  0]LogConfig: Setting CVar [[s.LevelStreamingActorsUpdateTimeLimit:5.0]]
[2021.11.10-14.45.39:496][  0]LogConfig: Setting CVar [[s.PriorityLevelStreamingActorsUpdateExtraTime:5.0]]
[2021.11.10-14.45.39:496][  0]LogConfig: Setting CVar [[s.LevelStreamingComponentsRegistrationGranularity:10]]
[2021.11.10-14.45.39:496][  0]LogConfig: Setting CVar [[s.UnregisterComponentsTimeLimit:1.0]]
[2021.11.10-14.45.39:496][  0]LogConfig: Setting CVar [[s.LevelStreamingComponentsUnregistrationGranularity:5]]
[2021.11.10-14.45.39:496][  0]LogConfig: Setting CVar [[s.FlushStreamingOnExit:1]]
[2021.11.10-14.45.39:496][  0]LogConfig: Applying CVar settings from Section [/Script/Engine.GarbageCollectionSettings] File [C:/NIKKO-G4/Saved/Config/Windows/Engine.ini]
[2021.11.10-14.45.39:497][  0]LogConfig: Setting CVar [[gc.MaxObjectsNotConsideredByGC:1]]
[2021.11.10-14.45.39:497][  0]LogConfig: Setting CVar [[gc.SizeOfPermanentObjectPool:0]]
[2021.11.10-14.45.39:497][  0]LogConfig: Setting CVar [[gc.FlushStreamingOnGC:0]]
[2021.11.10-14.45.39:497][  0]LogConfig: Setting CVar [[gc.NumRetriesBeforeForcingGC:10]]
[2021.11.10-14.45.39:497][  0]LogConfig: Setting CVar [[gc.AllowParallelGC:1]]
[2021.11.10-14.45.39:497][  0]LogConfig: Setting CVar [[gc.TimeBetweenPurgingPendingKillObjects:61.1]]
[2021.11.10-14.45.39:497][  0]LogConfig: Setting CVar [[gc.MaxObjectsInEditor:25165824]]
[2021.11.10-14.45.39:497][  0]LogConfig: Setting CVar [[gc.IncrementalBeginDestroyEnabled:1]]
[2021.11.10-14.45.39:497][  0]LogConfig: Setting CVar [[gc.CreateGCClusters:1]]
[2021.11.10-14.45.39:497][  0]LogConfig: Setting CVar [[gc.MinGCClusterSize:5]]
[2021.11.10-14.45.39:497][  0]LogConfig: Setting CVar [[gc.ActorClusteringEnabled:0]]
[2021.11.10-14.45.39:497][  0]LogConfig: Setting CVar [[gc.BlueprintClusteringEnabled:0]]
[2021.11.10-14.45.39:497][  0]LogConfig: Setting CVar [[gc.UseDisregardForGCOnDedicatedServers:0]]
[2021.11.10-14.45.39:497][  0]LogConfig: Setting CVar [[gc.MultithreadedDestructionEnabled:1]]
[2021.11.10-14.45.39:497][  0]LogConfig: Applying CVar settings from Section [/Script/Engine.NetworkSettings] File [C:/NIKKO-G4/Saved/Config/Windows/Engine.ini]
[2021.11.10-14.45.39:497][  0]LogConfig: Applying CVar settings from Section [/Script/UnrealEd.CookerSettings] File [C:/NIKKO-G4/Saved/Config/Windows/Engine.ini]
[2021.11.10-14.45.39:503][  0]LogConfig: Applying CVar settings from Section [ViewDistanceQuality@3] File [C:/NIKKO-G4/Saved/Config/Windows/Scalability.ini]
[2021.11.10-14.45.39:503][  0]LogConfig: Setting CVar [[r.SkeletalMeshLODBias:0]]
[2021.11.10-14.45.39:503][  0]LogConfig: Setting CVar [[r.ViewDistanceScale:1.0]]
[2021.11.10-14.45.39:503][  0]LogConfig: Applying CVar settings from Section [AntiAliasingQuality@3] File [C:/NIKKO-G4/Saved/Config/Windows/Scalability.ini]
[2021.11.10-14.45.39:503][  0]LogConfig: Setting CVar [[r.PostProcessAAQuality:4]]
[2021.11.10-14.45.39:503][  0]LogConfig: Applying CVar settings from Section [ShadowQuality@3] File [C:/NIKKO-G4/Saved/Config/Windows/Scalability.ini]
[2021.11.10-14.45.39:503][  0]LogConfig: Setting CVar [[r.LightFunctionQuality:1]]
[2021.11.10-14.45.39:503][  0]LogConfig: Setting CVar [[r.ShadowQuality:5]]
[2021.11.10-14.45.39:504][  0]LogConfig: Setting CVar [[r.Shadow.CSM.MaxCascades:10]]
[2021.11.10-14.45.39:504][  0]LogConfig: Setting CVar [[r.Shadow.MaxResolution:2048]]
[2021.11.10-14.45.39:504][  0]LogConfig: Setting CVar [[r.Shadow.MaxCSMResolution:2048]]
[2021.11.10-14.45.39:504][  0]LogConfig: Setting CVar [[r.Shadow.RadiusThreshold:0.01]]
[2021.11.10-14.45.39:504][  0]LogConfig: Setting CVar [[r.Shadow.DistanceScale:1.0]]
[2021.11.10-14.45.39:504][  0]LogConfig: Setting CVar [[r.Shadow.CSM.TransitionScale:1.0]]
[2021.11.10-14.45.39:504][  0]LogConfig: Setting CVar [[r.Shadow.PreShadowResolutionFactor:1.0]]
[2021.11.10-14.45.39:504][  0]LogConfig: Setting CVar [[r.DistanceFieldShadowing:1]]
[2021.11.10-14.45.39:504][  0]LogConfig: Setting CVar [[r.DistanceFieldAO:1]]
[2021.11.10-14.45.39:504][  0]LogConfig: Setting CVar [[r.AOQuality:2]]
[2021.11.10-14.45.39:504][  0]LogConfig: Setting CVar [[r.VolumetricFog:1]]
[2021.11.10-14.45.39:504][  0]LogConfig: Setting CVar [[r.VolumetricFog.GridPixelSize:8]]
[2021.11.10-14.45.39:504][  0]LogConfig: Setting CVar [[r.VolumetricFog.GridSizeZ:128]]
[2021.11.10-14.45.39:504][  0]LogConfig: Setting CVar [[r.VolumetricFog.HistoryMissSupersampleCount:4]]
[2021.11.10-14.45.39:504][  0]LogConfig: Setting CVar [[r.LightMaxDrawDistanceScale:1]]
[2021.11.10-14.45.39:504][  0]LogConfig: Setting CVar [[r.CapsuleShadows:1]]
[2021.11.10-14.45.39:504][  0]LogConfig: Applying CVar settings from Section [PostProcessQuality@3] File [C:/NIKKO-G4/Saved/Config/Windows/Scalability.ini]
[2021.11.10-14.45.39:504][  0]LogConfig: Setting CVar [[r.MotionBlurQuality:4]]
[2021.11.10-14.45.39:504][  0]LogConfig: Setting CVar [[r.AmbientOcclusionMipLevelFactor:0.4]]
[2021.11.10-14.45.39:504][  0]LogConfig: Setting CVar [[r.AmbientOcclusionMaxQuality:100]]
[2021.11.10-14.45.39:504][  0]LogConfig: Setting CVar [[r.AmbientOcclusionLevels:-1]]
[2021.11.10-14.45.39:504][  0]LogConfig: Setting CVar [[r.AmbientOcclusionRadiusScale:1.0]]
[2021.11.10-14.45.39:504][  0]LogConfig: Setting CVar [[r.DepthOfFieldQuality:2]]
[2021.11.10-14.45.39:504][  0]LogConfig: Setting CVar [[r.RenderTargetPoolMin:400]]
[2021.11.10-14.45.39:504][  0]LogConfig: Setting CVar [[r.LensFlareQuality:2]]
[2021.11.10-14.45.39:504][  0]LogConfig: Setting CVar [[r.SceneColorFringeQuality:1]]
[2021.11.10-14.45.39:504][  0]LogConfig: Setting CVar [[r.EyeAdaptationQuality:2]]
[2021.11.10-14.45.39:504][  0]LogConfig: Setting CVar [[r.BloomQuality:5]]
[2021.11.10-14.45.39:504][  0]LogConfig: Setting CVar [[r.FastBlurThreshold:100]]
[2021.11.10-14.45.39:504][  0]LogConfig: Setting CVar [[r.Upscale.Quality:3]]
[2021.11.10-14.45.39:504][  0]LogConfig: Setting CVar [[r.Tonemapper.GrainQuantization:1]]
[2021.11.10-14.45.39:504][  0]LogConfig: Setting CVar [[r.LightShaftQuality:1]]
[2021.11.10-14.45.39:504][  0]LogConfig: Setting CVar [[r.Filter.SizeScale:1]]
[2021.11.10-14.45.39:504][  0]LogConfig: Setting CVar [[r.Tonemapper.Quality:5]]
[2021.11.10-14.45.39:504][  0]LogConfig: Setting CVar [[r.DOF.Gather.AccumulatorQuality:1        ; higher gathering accumulator quality]]
[2021.11.10-14.45.39:504][  0]LogConfig: Setting CVar [[r.DOF.Gather.PostfilterMethod:1          ; Median3x3 postfilering method]]
[2021.11.10-14.45.39:504][  0]LogConfig: Setting CVar [[r.DOF.Gather.EnableBokehSettings:0       ; no bokeh simulation when gathering]]
[2021.11.10-14.45.39:504][  0]LogConfig: Setting CVar [[r.DOF.Gather.RingCount:4                 ; medium number of samples when gathering]]
[2021.11.10-14.45.39:504][  0]LogConfig: Setting CVar [[r.DOF.Scatter.ForegroundCompositing:1    ; additive foreground scattering]]
[2021.11.10-14.45.39:504][  0]LogConfig: Setting CVar [[r.DOF.Scatter.BackgroundCompositing:2    ; additive background scattering]]
[2021.11.10-14.45.39:504][  0]LogConfig: Setting CVar [[r.DOF.Scatter.EnableBokehSettings:1      ; bokeh simulation when scattering]]
[2021.11.10-14.45.39:504][  0]LogConfig: Setting CVar [[r.DOF.Scatter.MaxSpriteRatio:0.1         ; only a maximum of 10% of scattered bokeh]]
[2021.11.10-14.45.39:504][  0]LogConfig: Setting CVar [[r.DOF.Recombine.Quality:1                ; cheap slight out of focus]]
[2021.11.10-14.45.39:504][  0]LogConfig: Setting CVar [[r.DOF.Recombine.EnableBokehSettings:0    ; no bokeh simulation on slight out of focus]]
[2021.11.10-14.45.39:504][  0]LogConfig: Setting CVar [[r.DOF.TemporalAAQuality:1                ; more stable temporal accumulation]]
[2021.11.10-14.45.39:504][  0]LogConfig: Setting CVar [[r.DOF.Kernel.MaxForegroundRadius:0.025]]
[2021.11.10-14.45.39:504][  0]LogConfig: Setting CVar [[r.DOF.Kernel.MaxBackgroundRadius:0.025]]
[2021.11.10-14.45.39:504][  0]LogConfig: Applying CVar settings from Section [TextureQuality@3] File [C:/NIKKO-G4/Saved/Config/Windows/Scalability.ini]
[2021.11.10-14.45.39:504][  0]LogConfig: Setting CVar [[r.Streaming.MipBias:0]]
[2021.11.10-14.45.39:504][  0]LogConfig: Setting CVar [[r.Streaming.AmortizeCPUToGPUCopy:0]]
[2021.11.10-14.45.39:504][  0]LogConfig: Setting CVar [[r.Streaming.MaxNumTexturesToStreamPerFrame:0]]
[2021.11.10-14.45.39:504][  0]LogConfig: Setting CVar [[r.Streaming.Boost:1]]
[2021.11.10-14.45.39:504][  0]LogConfig: Setting CVar [[r.MaxAnisotropy:8]]
[2021.11.10-14.45.39:504][  0]LogConfig: Setting CVar [[r.VT.MaxAnisotropy:8]]
[2021.11.10-14.45.39:504][  0]LogConfig: Setting CVar [[r.Streaming.LimitPoolSizeToVRAM:0]]
[2021.11.10-14.45.39:504][  0]LogConfig: Setting CVar [[r.Streaming.PoolSize:1000]]
[2021.11.10-14.45.39:504][  0]LogConfig: Setting CVar [[r.Streaming.MaxEffectiveScreenSize:0]]
[2021.11.10-14.45.39:504][  0]LogConfig: Applying CVar settings from Section [EffectsQuality@3] File [C:/NIKKO-G4/Saved/Config/Windows/Scalability.ini]
[2021.11.10-14.45.39:504][  0]LogConfig: Setting CVar [[r.TranslucencyLightingVolumeDim:64]]
[2021.11.10-14.45.39:504][  0]LogConfig: Setting CVar [[r.RefractionQuality:2]]
[2021.11.10-14.45.39:504][  0]LogConfig: Setting CVar [[r.SSR.Quality:3]]
[2021.11.10-14.45.39:505][  0]LogConfig: Setting CVar [[r.SSR.HalfResSceneColor:0]]
[2021.11.10-14.45.39:505][  0]LogConfig: Setting CVar [[r.SceneColorFormat:4]]
[2021.11.10-14.45.39:505][  0]LogConfig: Setting CVar [[r.DetailMode:2]]
[2021.11.10-14.45.39:505][  0]LogConfig: Setting CVar [[r.TranslucencyVolumeBlur:1]]
[2021.11.10-14.45.39:505][  0]LogConfig: Setting CVar [[r.MaterialQualityLevel:1 ; High quality]]
[2021.11.10-14.45.39:505][  0]LogConfig: Setting CVar [[r.AnisotropicMaterials:1]]
[2021.11.10-14.45.39:505][  0]LogConfig: Setting CVar [[r.SSS.Scale:1]]
[2021.11.10-14.45.39:505][  0]LogConfig: Setting CVar [[r.SSS.SampleSet:2]]
[2021.11.10-14.45.39:505][  0]LogConfig: Setting CVar [[r.SSS.Quality:1]]
[2021.11.10-14.45.39:505][  0]LogConfig: Setting CVar [[r.SSS.HalfRes:0]]
[2021.11.10-14.45.39:505][  0]LogConfig: Setting CVar [[r.SSGI.Quality:3]]
[2021.11.10-14.45.39:505][  0]LogConfig: Setting CVar [[r.EmitterSpawnRateScale:1.0]]
[2021.11.10-14.45.39:505][  0]LogConfig: Setting CVar [[r.ParticleLightQuality:2]]
[2021.11.10-14.45.39:505][  0]LogConfig: Setting CVar [[r.SkyAtmosphere.AerialPerspectiveLUT.FastApplyOnOpaque:1 ; Always have FastSkyLUT 1 in this case to avoid wrong sky]]
[2021.11.10-14.45.39:505][  0]LogConfig: Setting CVar [[r.SkyAtmosphere.AerialPerspectiveLUT.SampleCountMaxPerSlice:4]]
[2021.11.10-14.45.39:505][  0]LogConfig: Setting CVar [[r.SkyAtmosphere.AerialPerspectiveLUT.DepthResolution:16.0]]
[2021.11.10-14.45.39:505][  0]LogConfig: Setting CVar [[r.SkyAtmosphere.FastSkyLUT:1]]
[2021.11.10-14.45.39:505][  0]LogConfig: Setting CVar [[r.SkyAtmosphere.FastSkyLUT.SampleCountMin:4.0]]
[2021.11.10-14.45.39:505][  0]LogConfig: Setting CVar [[r.SkyAtmosphere.FastSkyLUT.SampleCountMax:128.0]]
[2021.11.10-14.45.39:505][  0]LogConfig: Setting CVar [[r.SkyAtmosphere.SampleCountMin:4.0]]
[2021.11.10-14.45.39:505][  0]LogConfig: Setting CVar [[r.SkyAtmosphere.SampleCountMax:128.0]]
[2021.11.10-14.45.39:505][  0]LogConfig: Setting CVar [[r.SkyAtmosphere.TransmittanceLUT.UseSmallFormat:0]]
[2021.11.10-14.45.39:505][  0]LogConfig: Setting CVar [[r.SkyAtmosphere.TransmittanceLUT.SampleCount:10.0]]
[2021.11.10-14.45.39:505][  0]LogConfig: Setting CVar [[r.SkyAtmosphere.MultiScatteringLUT.SampleCount:15.0]]
[2021.11.10-14.45.39:505][  0]LogConfig: Setting CVar [[r.SkyLight.RealTimeReflectionCapture:1]]
[2021.11.10-14.45.39:505][  0]LogConfig: Applying CVar settings from Section [FoliageQuality@3] File [C:/NIKKO-G4/Saved/Config/Windows/Scalability.ini]
[2021.11.10-14.45.39:505][  0]LogConfig: Setting CVar [[foliage.DensityScale:1.0]]
[2021.11.10-14.45.39:505][  0]LogConfig: Setting CVar [[grass.DensityScale:1.0]]
[2021.11.10-14.45.39:505][  0]LogConfig: Applying CVar settings from Section [ShadingQuality@3] File [C:/NIKKO-G4/Saved/Config/Windows/Scalability.ini]
[2021.11.10-14.45.39:505][  0]LogConfig: Setting CVar [[r.HairStrands.SkyLighting.IntegrationType:2]]
[2021.11.10-14.45.39:505][  0]LogConfig: Setting CVar [[r.HairStrands.SkyAO.SampleCount:4]]
[2021.11.10-14.45.39:505][  0]LogConfig: Setting CVar [[r.HairStrands.Visibility.MSAA.SamplePerPixel:4]]
[2021.11.10-14.45.39:505][  0]LogInit: Selected Device Profile: [Windows]
[2021.11.10-14.45.39:505][  0]LogInit: Applying CVar settings loaded from the selected device profile: [Windows]
[2021.11.10-14.45.39:505][  0]LogHAL: Display: Platform has ~ 6 GB [6376402944 / 8589934592 / 6], which maps to Smaller [LargestMinGB=32, LargerMinGB=12, DefaultMinGB=8, SmallerMinGB=6, SmallestMinGB=0)
[2021.11.10-14.45.39:505][  0]LogInit: Going up to parent DeviceProfile []
[2021.11.10-14.45.39:505][  0]LogConfig: Applying CVar settings from Section [ViewDistanceQuality@3] File [C:/NIKKO-G4/Saved/Config/Windows/Scalability.ini]
[2021.11.10-14.45.39:505][  0]LogConfig: Setting CVar [[r.SkeletalMeshLODBias:0]]
[2021.11.10-14.45.39:505][  0]LogConfig: Setting CVar [[r.ViewDistanceScale:1.0]]
[2021.11.10-14.45.39:505][  0]LogConfig: Applying CVar settings from Section [AntiAliasingQuality@3] File [C:/NIKKO-G4/Saved/Config/Windows/Scalability.ini]
[2021.11.10-14.45.39:505][  0]LogConfig: Setting CVar [[r.PostProcessAAQuality:4]]
[2021.11.10-14.45.39:505][  0]LogConfig: Applying CVar settings from Section [ShadowQuality@3] File [C:/NIKKO-G4/Saved/Config/Windows/Scalability.ini]
[2021.11.10-14.45.39:505][  0]LogConfig: Setting CVar [[r.LightFunctionQuality:1]]
[2021.11.10-14.45.39:505][  0]LogConfig: Setting CVar [[r.ShadowQuality:5]]
[2021.11.10-14.45.39:505][  0]LogConfig: Setting CVar [[r.Shadow.CSM.MaxCascades:10]]
[2021.11.10-14.45.39:505][  0]LogConfig: Setting CVar [[r.Shadow.MaxResolution:2048]]
[2021.11.10-14.45.39:505][  0]LogConfig: Setting CVar [[r.Shadow.MaxCSMResolution:2048]]
[2021.11.10-14.45.39:505][  0]LogConfig: Setting CVar [[r.Shadow.RadiusThreshold:0.01]]
[2021.11.10-14.45.39:505][  0]LogConfig: Setting CVar [[r.Shadow.DistanceScale:1.0]]
[2021.11.10-14.45.39:505][  0]LogConfig: Setting CVar [[r.Shadow.CSM.TransitionScale:1.0]]
[2021.11.10-14.45.39:505][  0]LogConfig: Setting CVar [[r.Shadow.PreShadowResolutionFactor:1.0]]
[2021.11.10-14.45.39:506][  0]LogConfig: Setting CVar [[r.DistanceFieldShadowing:1]]
[2021.11.10-14.45.39:506][  0]LogConfig: Setting CVar [[r.DistanceFieldAO:1]]
[2021.11.10-14.45.39:506][  0]LogConfig: Setting CVar [[r.AOQuality:2]]
[2021.11.10-14.45.39:506][  0]LogConfig: Setting CVar [[r.VolumetricFog:1]]
[2021.11.10-14.45.39:506][  0]LogConfig: Setting CVar [[r.VolumetricFog.GridPixelSize:8]]
[2021.11.10-14.45.39:506][  0]LogConfig: Setting CVar [[r.VolumetricFog.GridSizeZ:128]]
[2021.11.10-14.45.39:506][  0]LogConfig: Setting CVar [[r.VolumetricFog.HistoryMissSupersampleCount:4]]
[2021.11.10-14.45.39:506][  0]LogConfig: Setting CVar [[r.LightMaxDrawDistanceScale:1]]
[2021.11.10-14.45.39:506][  0]LogConfig: Setting CVar [[r.CapsuleShadows:1]]
[2021.11.10-14.45.39:506][  0]LogConfig: Applying CVar settings from Section [PostProcessQuality@3] File [C:/NIKKO-G4/Saved/Config/Windows/Scalability.ini]
[2021.11.10-14.45.39:506][  0]LogConfig: Setting CVar [[r.MotionBlurQuality:4]]
[2021.11.10-14.45.39:506][  0]LogConfig: Setting CVar [[r.AmbientOcclusionMipLevelFactor:0.4]]
[2021.11.10-14.45.39:506][  0]LogConfig: Setting CVar [[r.AmbientOcclusionMaxQuality:100]]
[2021.11.10-14.45.39:506][  0]LogConfig: Setting CVar [[r.AmbientOcclusionLevels:-1]]
[2021.11.10-14.45.39:506][  0]LogConfig: Setting CVar [[r.AmbientOcclusionRadiusScale:1.0]]
[2021.11.10-14.45.39:506][  0]LogConfig: Setting CVar [[r.DepthOfFieldQuality:2]]
[2021.11.10-14.45.39:506][  0]LogConfig: Setting CVar [[r.RenderTargetPoolMin:400]]
[2021.11.10-14.45.39:506][  0]LogConfig: Setting CVar [[r.LensFlareQuality:2]]
[2021.11.10-14.45.39:506][  0]LogConfig: Setting CVar [[r.SceneColorFringeQuality:1]]
[2021.11.10-14.45.39:506][  0]LogConfig: Setting CVar [[r.EyeAdaptationQuality:2]]
[2021.11.10-14.45.39:506][  0]LogConfig: Setting CVar [[r.BloomQuality:5]]
[2021.11.10-14.45.39:506][  0]LogConfig: Setting CVar [[r.FastBlurThreshold:100]]
[2021.11.10-14.45.39:506][  0]LogConfig: Setting CVar [[r.Upscale.Quality:3]]
[2021.11.10-14.45.39:506][  0]LogConfig: Setting CVar [[r.Tonemapper.GrainQuantization:1]]
[2021.11.10-14.45.39:506][  0]LogConfig: Setting CVar [[r.LightShaftQuality:1]]
[2021.11.10-14.45.39:506][  0]LogConfig: Setting CVar [[r.Filter.SizeScale:1]]
[2021.11.10-14.45.39:506][  0]LogConfig: Setting CVar [[r.Tonemapper.Quality:5]]
[2021.11.10-14.45.39:506][  0]LogConfig: Setting CVar [[r.DOF.Gather.AccumulatorQuality:1        ; higher gathering accumulator quality]]
[2021.11.10-14.45.39:506][  0]LogConfig: Setting CVar [[r.DOF.Gather.PostfilterMethod:1          ; Median3x3 postfilering method]]
[2021.11.10-14.45.39:506][  0]LogConfig: Setting CVar [[r.DOF.Gather.EnableBokehSettings:0       ; no bokeh simulation when gathering]]
[2021.11.10-14.45.39:506][  0]LogConfig: Setting CVar [[r.DOF.Gather.RingCount:4                 ; medium number of samples when gathering]]
[2021.11.10-14.45.39:506][  0]LogConfig: Setting CVar [[r.DOF.Scatter.ForegroundCompositing:1    ; additive foreground scattering]]
[2021.11.10-14.45.39:506][  0]LogConfig: Setting CVar [[r.DOF.Scatter.BackgroundCompositing:2    ; additive background scattering]]
[2021.11.10-14.45.39:506][  0]LogConfig: Setting CVar [[r.DOF.Scatter.EnableBokehSettings:1      ; bokeh simulation when scattering]]
[2021.11.10-14.45.39:506][  0]LogConfig: Setting CVar [[r.DOF.Scatter.MaxSpriteRatio:0.1         ; only a maximum of 10% of scattered bokeh]]
[2021.11.10-14.45.39:506][  0]LogConfig: Setting CVar [[r.DOF.Recombine.Quality:1                ; cheap slight out of focus]]
[2021.11.10-14.45.39:506][  0]LogConfig: Setting CVar [[r.DOF.Recombine.EnableBokehSettings:0    ; no bokeh simulation on slight out of focus]]
[2021.11.10-14.45.39:506][  0]LogConfig: Setting CVar [[r.DOF.TemporalAAQuality:1                ; more stable temporal accumulation]]
[2021.11.10-14.45.39:506][  0]LogConfig: Setting CVar [[r.DOF.Kernel.MaxForegroundRadius:0.025]]
[2021.11.10-14.45.39:506][  0]LogConfig: Setting CVar [[r.DOF.Kernel.MaxBackgroundRadius:0.025]]
[2021.11.10-14.45.39:506][  0]LogConfig: Applying CVar settings from Section [TextureQuality@3] File [C:/NIKKO-G4/Saved/Config/Windows/Scalability.ini]
[2021.11.10-14.45.39:506][  0]LogConfig: Setting CVar [[r.Streaming.MipBias:0]]
[2021.11.10-14.45.39:506][  0]LogConfig: Setting CVar [[r.Streaming.AmortizeCPUToGPUCopy:0]]
[2021.11.10-14.45.39:506][  0]LogConfig: Setting CVar [[r.Streaming.MaxNumTexturesToStreamPerFrame:0]]
[2021.11.10-14.45.39:506][  0]LogConfig: Setting CVar [[r.Streaming.Boost:1]]
[2021.11.10-14.45.39:506][  0]LogConfig: Setting CVar [[r.MaxAnisotropy:8]]
[2021.11.10-14.45.39:506][  0]LogConfig: Setting CVar [[r.VT.MaxAnisotropy:8]]
[2021.11.10-14.45.39:506][  0]LogConfig: Setting CVar [[r.Streaming.LimitPoolSizeToVRAM:0]]
[2021.11.10-14.45.39:506][  0]LogConfig: Setting CVar [[r.Streaming.PoolSize:1000]]
[2021.11.10-14.45.39:506][  0]LogConfig: Setting CVar [[r.Streaming.MaxEffectiveScreenSize:0]]
[2021.11.10-14.45.39:506][  0]LogConfig: Applying CVar settings from Section [EffectsQuality@3] File [C:/NIKKO-G4/Saved/Config/Windows/Scalability.ini]
[2021.11.10-14.45.39:506][  0]LogConfig: Setting CVar [[r.TranslucencyLightingVolumeDim:64]]
[2021.11.10-14.45.39:506][  0]LogConfig: Setting CVar [[r.RefractionQuality:2]]
[2021.11.10-14.45.39:506][  0]LogConfig: Setting CVar [[r.SSR.Quality:3]]
[2021.11.10-14.45.39:506][  0]LogConfig: Setting CVar [[r.SSR.HalfResSceneColor:0]]
[2021.11.10-14.45.39:506][  0]LogConfig: Setting CVar [[r.SceneColorFormat:4]]
[2021.11.10-14.45.39:506][  0]LogConfig: Setting CVar [[r.DetailMode:2]]
[2021.11.10-14.45.39:506][  0]LogConfig: Setting CVar [[r.TranslucencyVolumeBlur:1]]
[2021.11.10-14.45.39:506][  0]LogConfig: Setting CVar [[r.MaterialQualityLevel:1 ; High quality]]
[2021.11.10-14.45.39:506][  0]LogConfig: Setting CVar [[r.AnisotropicMaterials:1]]
[2021.11.10-14.45.39:506][  0]LogConfig: Setting CVar [[r.SSS.Scale:1]]
[2021.11.10-14.45.39:506][  0]LogConfig: Setting CVar [[r.SSS.SampleSet:2]]
[2021.11.10-14.45.39:506][  0]LogConfig: Setting CVar [[r.SSS.Quality:1]]
[2021.11.10-14.45.39:507][  0]LogConfig: Setting CVar [[r.SSS.HalfRes:0]]
[2021.11.10-14.45.39:507][  0]LogConfig: Setting CVar [[r.SSGI.Quality:3]]
[2021.11.10-14.45.39:507][  0]LogConfig: Setting CVar [[r.EmitterSpawnRateScale:1.0]]
[2021.11.10-14.45.39:507][  0]LogConfig: Setting CVar [[r.ParticleLightQuality:2]]
[2021.11.10-14.45.39:507][  0]LogConfig: Setting CVar [[r.SkyAtmosphere.AerialPerspectiveLUT.FastApplyOnOpaque:1 ; Always have FastSkyLUT 1 in this case to avoid wrong sky]]
[2021.11.10-14.45.39:507][  0]LogConfig: Setting CVar [[r.SkyAtmosphere.AerialPerspectiveLUT.SampleCountMaxPerSlice:4]]
[2021.11.10-14.45.39:507][  0]LogConfig: Setting CVar [[r.SkyAtmosphere.AerialPerspectiveLUT.DepthResolution:16.0]]
[2021.11.10-14.45.39:507][  0]LogConfig: Setting CVar [[r.SkyAtmosphere.FastSkyLUT:1]]
[2021.11.10-14.45.39:507][  0]LogConfig: Setting CVar [[r.SkyAtmosphere.FastSkyLUT.SampleCountMin:4.0]]
[2021.11.10-14.45.39:507][  0]LogConfig: Setting CVar [[r.SkyAtmosphere.FastSkyLUT.SampleCountMax:128.0]]
[2021.11.10-14.45.39:507][  0]LogConfig: Setting CVar [[r.SkyAtmosphere.SampleCountMin:4.0]]
[2021.11.10-14.45.39:507][  0]LogConfig: Setting CVar [[r.SkyAtmosphere.SampleCountMax:128.0]]
[2021.11.10-14.45.39:507][  0]LogConfig: Setting CVar [[r.SkyAtmosphere.TransmittanceLUT.UseSmallFormat:0]]
[2021.11.10-14.45.39:507][  0]LogConfig: Setting CVar [[r.SkyAtmosphere.TransmittanceLUT.SampleCount:10.0]]
[2021.11.10-14.45.39:507][  0]LogConfig: Setting CVar [[r.SkyAtmosphere.MultiScatteringLUT.SampleCount:15.0]]
[2021.11.10-14.45.39:507][  0]LogConfig: Setting CVar [[r.SkyLight.RealTimeReflectionCapture:1]]
[2021.11.10-14.45.39:507][  0]LogConfig: Applying CVar settings from Section [FoliageQuality@3] File [C:/NIKKO-G4/Saved/Config/Windows/Scalability.ini]
[2021.11.10-14.45.39:507][  0]LogConfig: Setting CVar [[foliage.DensityScale:1.0]]
[2021.11.10-14.45.39:507][  0]LogConfig: Setting CVar [[grass.DensityScale:1.0]]
[2021.11.10-14.45.39:507][  0]LogConfig: Applying CVar settings from Section [ShadingQuality@3] File [C:/NIKKO-G4/Saved/Config/Windows/Scalability.ini]
[2021.11.10-14.45.39:507][  0]LogConfig: Setting CVar [[r.HairStrands.SkyLighting.IntegrationType:2]]
[2021.11.10-14.45.39:507][  0]LogConfig: Setting CVar [[r.HairStrands.SkyAO.SampleCount:4]]
[2021.11.10-14.45.39:507][  0]LogConfig: Setting CVar [[r.HairStrands.Visibility.MSAA.SamplePerPixel:4]]
[2021.11.10-14.45.39:507][  0]LogConfig: Applying CVar settings from Section [Startup] File [../../../Engine/Config/ConsoleVariables.ini]
[2021.11.10-14.45.39:508][  0]LogConfig: Setting CVar [[net.UseAdaptiveNetUpdateFrequency:0]]
[2021.11.10-14.45.39:508][  0]LogConfig: Setting CVar [[p.chaos.AllowCreatePhysxBodies:1]]
[2021.11.10-14.45.39:508][  0]LogConfig: Setting CVar [[fx.SkipVectorVMBackendOptimizations:1]]
[2021.11.10-14.45.39:508][  0]LogConfig: Applying CVar settings from Section [ConsoleVariables] File [C:/NIKKO-G4/Saved/Config/Windows/Engine.ini]
[2021.11.10-14.45.39:508][  0]LogConfig: Applying CVar settings from Section [ConsoleVariables] File [C:/NIKKO-G4/Saved/Config/Windows/Editor.ini]
[2021.11.10-14.45.39:508][  0]LogInit: Computer: LAPTOP-BPC12QII
[2021.11.10-14.45.39:508][  0]LogInit: User: ander
[2021.11.10-14.45.39:508][  0]LogInit: CPU Page size=4096, Cores=4
[2021.11.10-14.45.39:508][  0]LogInit: High frequency timer resolution =10.000000 MHz
[2021.11.10-14.45.39:508][  0]LogMemory: Memory total: Physical=5.9GB (6GB approx)
[2021.11.10-14.45.39:508][  0]LogMemory: Platform Memory Stats for Windows
[2021.11.10-14.45.39:508][  0]LogMemory: Process Physical Memory: 142.49 MB used, 142.50 MB peak
[2021.11.10-14.45.39:508][  0]LogMemory: Process Virtual Memory: 114.51 MB used, 114.51 MB peak
[2021.11.10-14.45.39:508][  0]LogMemory: Physical Memory: 5596.09 MB used,  484.92 MB free, 6081.01 MB total
[2021.11.10-14.45.39:508][  0]LogMemory: Virtual Memory: 134215992.00 MB used,  1738.00 MB free, 134217728.00 MB total
[2021.11.10-14.45.39:511][  0]LogWindows: WindowsPlatformFeatures enabled
[2021.11.10-14.45.39:541][  0]LogInit: Physics initialised using underlying interface: PhysX
[2021.11.10-14.45.39:543][  0]LogInit: Using OS detected language (nb-NO).
[2021.11.10-14.45.39:543][  0]LogInit: Using OS detected locale (nb-NO).
[2021.11.10-14.45.39:549][  0]LogTextLocalizationManager: No localization for 'nb-NO' exists, so 'en' will be used for the language.
[2021.11.10-14.45.39:930][  0]LogInit: Setting process to per monitor DPI aware
[2021.11.10-14.45.39:959][  0]LogWindowsTextInputMethodSystem: Display: IME system deactivated.
[2021.11.10-14.45.39:985][  0]LogSlate: New Slate User Created.  User Index 0, Is Virtual User: 0
[2021.11.10-14.45.39:985][  0]LogSlate: Slate User Registered.  User Index 0, Is Virtual User: 0
[2021.11.10-14.45.43:238][  0]LogD3D11RHI: Loaded GFSDK_Aftermath_Lib.x64.dll
[2021.11.10-14.45.43:260][  0]LogHMD: Failed to initialize OpenVR with code 110
[2021.11.10-14.45.43:260][  0]LogD3D11RHI: D3D11 min allowed feature level: 11_0
[2021.11.10-14.45.43:260][  0]LogD3D11RHI: D3D11 max allowed feature level: 11_0
[2021.11.10-14.45.43:260][  0]LogD3D11RHI: D3D11 adapters:
[2021.11.10-14.45.43:539][  0]LogD3D11RHI:    0. 'NVIDIA GeForce GTX 1650' (Feature Level 11_0)
[2021.11.10-14.45.43:539][  0]LogD3D11RHI:       3965/0/3040 MB DedicatedVideo/DedicatedSystem/SharedSystem, Outputs:1, VendorId:0x10de
[2021.11.10-14.45.43:604][  0]LogD3D11RHI:    1. 'AMD Radeon(TM) Vega 8 Graphics' (Feature Level 11_0)
[2021.11.10-14.45.43:604][  0]LogD3D11RHI:       2034/0/3040 MB DedicatedVideo/DedicatedSystem/SharedSystem, Outputs:0, VendorId:0x1002
[2021.11.10-14.45.43:611][  0]LogD3D11RHI:    2. 'Microsoft Basic Render Driver' (Feature Level 11_0)
[2021.11.10-14.45.43:611][  0]LogD3D11RHI:       0/0/3040 MB DedicatedVideo/DedicatedSystem/SharedSystem, Outputs:0, VendorId:0x1414
[2021.11.10-14.45.43:611][  0]LogD3D11RHI: Chosen D3D11 Adapter:
[2021.11.10-14.45.43:611][  0]LogD3D11RHI:     Description : NVIDIA GeForce GTX 1650
[2021.11.10-14.45.43:611][  0]LogD3D11RHI:     VendorId    : 10de
[2021.11.10-14.45.43:611][  0]LogD3D11RHI:     DeviceId    : 1f99
[2021.11.10-14.45.43:611][  0]LogD3D11RHI:     SubSysId    : 142e1025
[2021.11.10-14.45.43:611][  0]LogD3D11RHI:     Revision    : 00a1
[2021.11.10-14.45.43:611][  0]LogD3D11RHI:     DedicatedVideoMemory : 4157603840 bytes
[2021.11.10-14.45.43:611][  0]LogD3D11RHI:     DedicatedSystemMemory : 0 bytes
[2021.11.10-14.45.43:611][  0]LogD3D11RHI:     SharedSystemMemory : 3188201472 bytes
[2021.11.10-14.45.43:611][  0]LogD3D11RHI:     AdapterLuid : 0 69499
[2021.11.10-14.45.43:626][  0]LogD3D11RHI: Creating new Direct3DDevice
[2021.11.10-14.45.43:626][  0]LogD3D11RHI:     GPU DeviceId: 0x1f99 (for the marketing name, search the web for "GPU Device Id")
[2021.11.10-14.45.43:627][  0]LogWindows: EnumDisplayDevices:
[2021.11.10-14.45.43:627][  0]LogWindows:    0. 'AMD Radeon(TM) Vega 8 Graphics' (P:1 D:1)
[2021.11.10-14.45.43:627][  0]LogWindows:    1. 'AMD Radeon(TM) Vega 8 Graphics' (P:0 D:0)
[2021.11.10-14.45.43:628][  0]LogWindows:    2. 'AMD Radeon(TM) Vega 8 Graphics' (P:0 D:0)
[2021.11.10-14.45.43:628][  0]LogWindows:    3. 'AMD Radeon(TM) Vega 8 Graphics' (P:0 D:0)
[2021.11.10-14.45.43:629][  0]LogWindows: DebugString: PrimaryIsNotTheChoosenAdapter PrimaryIsNotTheChoosenAdapter PrimaryIsNotTheChoosenAdapter PrimaryIsNotTheChoosenAdapter FoundDriverCount:0 
[2021.11.10-14.45.43:629][  0]LogD3D11RHI:     Adapter Name: NVIDIA GeForce GTX 1650
[2021.11.10-14.45.43:629][  0]LogD3D11RHI:   Driver Version: Unknown (internal:Unknown, unified:Unknown)
[2021.11.10-14.45.43:629][  0]LogD3D11RHI:      Driver Date: Unknown
[2021.11.10-14.45.43:629][  0]LogRHI: Texture pool is 2775 MB (70% of 3965 MB)
[2021.11.10-14.45.43:629][  0]LogD3D11RHI: Creating D3DDevice using adapter:
[2021.11.10-14.45.43:629][  0]LogD3D11RHI:     Description : NVIDIA GeForce GTX 1650
[2021.11.10-14.45.43:629][  0]LogD3D11RHI:     VendorId    : 10de
[2021.11.10-14.45.43:629][  0]LogD3D11RHI:     DeviceId    : 1f99
[2021.11.10-14.45.43:629][  0]LogD3D11RHI:     SubSysId    : 142e1025
[2021.11.10-14.45.43:629][  0]LogD3D11RHI:     Revision    : 00a1
[2021.11.10-14.45.43:629][  0]LogD3D11RHI:     DedicatedVideoMemory : 4157603840 bytes
[2021.11.10-14.45.43:629][  0]LogD3D11RHI:     DedicatedSystemMemory : 0 bytes
[2021.11.10-14.45.43:629][  0]LogD3D11RHI:     SharedSystemMemory : 3188201472 bytes
[2021.11.10-14.45.43:629][  0]LogD3D11RHI:     AdapterLuid : 0 69499
[2021.11.10-14.45.43:770][  0]LogD3D11RHI: RHI has support for 64 bit atomics
[2021.11.10-14.45.43:770][  0]LogD3D11RHI: Async texture creation enabled
[2021.11.10-14.45.43:770][  0]LogD3D11RHI: Array index from any shader is supported
[2021.11.10-14.45.43:837][  0]LogD3D11RHI: GPU Timing Frequency: 1000.000000 (Debug: 2 1)
[2021.11.10-14.45.44:264][  0]LogRHI: GeForceNow SDK initialized: 1
[2021.11.10-14.45.45:039][  0]LogTargetPlatformManager: Display: Loaded TargetPlatform 'AllDesktop'
[2021.11.10-14.45.45:072][  0]LogTargetPlatformManager: Display: Loaded TargetPlatform 'Android'
[2021.11.10-14.45.45:072][  0]LogTargetPlatformManager: Display: Loaded TargetPlatform 'Android_ASTC'
[2021.11.10-14.45.45:072][  0]LogTargetPlatformManager: Display: Loaded TargetPlatform 'Android_DXT'
[2021.11.10-14.45.45:072][  0]LogTargetPlatformManager: Display: Loaded TargetPlatform 'Android_ETC2'
[2021.11.10-14.45.45:072][  0]LogTargetPlatformManager: Display: Loaded TargetPlatform 'AndroidClient'
[2021.11.10-14.45.45:072][  0]LogTargetPlatformManager: Display: Loaded TargetPlatform 'Android_ASTCClient'
[2021.11.10-14.45.45:072][  0]LogTargetPlatformManager: Display: Loaded TargetPlatform 'Android_DXTClient'
[2021.11.10-14.45.45:072][  0]LogTargetPlatformManager: Display: Loaded TargetPlatform 'Android_ETC2Client'
[2021.11.10-14.45.45:072][  0]LogTargetPlatformManager: Display: Loaded TargetPlatform 'Android_Multi'
[2021.11.10-14.45.45:072][  0]LogTargetPlatformManager: Display: Loaded TargetPlatform 'Android_MultiClient'
[2021.11.10-14.45.45:093][  0]LogTargetPlatformManager: Display: Loaded TargetPlatform 'IOSClient'
[2021.11.10-14.45.45:093][  0]LogTargetPlatformManager: Display: Loaded TargetPlatform 'IOS'
[2021.11.10-14.45.45:106][  0]LogTargetPlatformManager: Display: Loaded TargetPlatform 'Linux'
[2021.11.10-14.45.45:110][  0]LogTargetPlatformManager: Display: Loaded TargetPlatform 'LinuxNoEditor'
[2021.11.10-14.45.45:114][  0]LogTargetPlatformManager: Display: Loaded TargetPlatform 'LinuxClient'
[2021.11.10-14.45.45:119][  0]LogTargetPlatformManager: Display: Loaded TargetPlatform 'LinuxServer'
[2021.11.10-14.45.45:132][  0]LogTargetPlatformManager: Display: Loaded TargetPlatform 'LinuxAArch64NoEditor'
[2021.11.10-14.45.45:135][  0]LogTargetPlatformManager: Display: Loaded TargetPlatform 'LinuxAArch64Client'
[2021.11.10-14.45.45:139][  0]LogTargetPlatformManager: Display: Loaded TargetPlatform 'LinuxAArch64Server'
[2021.11.10-14.45.45:180][  0]LogTargetPlatformManager: Display: Loaded TargetPlatform 'Lumin'
[2021.11.10-14.45.45:180][  0]LogTargetPlatformManager: Display: Loaded TargetPlatform 'LuminClient'
[2021.11.10-14.45.45:193][  0]LogTargetPlatformManager: Display: Loaded TargetPlatform 'MacNoEditor'
[2021.11.10-14.45.45:197][  0]LogTargetPlatformManager: Display: Loaded TargetPlatform 'Mac'
[2021.11.10-14.45.45:202][  0]LogTargetPlatformManager: Display: Loaded TargetPlatform 'MacClient'
[2021.11.10-14.45.45:206][  0]LogTargetPlatformManager: Display: Loaded TargetPlatform 'MacServer'
[2021.11.10-14.45.45:221][  0]LogTargetPlatformManager: Display: Loaded TargetPlatform 'TVOSClient'
[2021.11.10-14.45.45:221][  0]LogTargetPlatformManager: Display: Loaded TargetPlatform 'TVOS'
[2021.11.10-14.45.45:240][  0]LogTargetPlatformManager: Display: Loaded TargetPlatform 'WindowsNoEditor'
[2021.11.10-14.45.45:274][  0]LogTargetPlatformManager: Display: Loaded TargetPlatform 'Windows'
[2021.11.10-14.45.45:278][  0]LogTargetPlatformManager: Display: Loaded TargetPlatform 'WindowsClient'
[2021.11.10-14.45.45:284][  0]LogTargetPlatformManager: Display: Loaded TargetPlatform 'WindowsServer'
[2021.11.10-14.45.45:284][  0]LogTargetPlatformManager: Display: Building Assets For Windows
[2021.11.10-14.45.45:294][  0]LogAudioDebug: Display: Lib vorbis DLL was dynamically loaded.
[2021.11.10-14.45.45:525][  0]LogTextureFormatOodle: Display: Oodle Texture 2.9.0 init RDO Off
[2021.11.10-14.45.45:659][  0]LogRendererCore: Ray tracing is disabled. Reason: r.RayTracing=0.
[2021.11.10-14.45.45:660][  0]LogShaderCompilers: Guid format shader working directory is 19 characters bigger than the processId version (../../../../../../NIKKO-G4/Intermediate/Shaders/WorkingDirectory/20692/).
[2021.11.10-14.45.45:661][  0]LogShaderCompilers: Cleaned the shader compiler working directory 'C:/Users/ander/AppData/Local/Temp/UnrealShaderWorkingDir/D178B5F948798FA5FC9FDAA6E3D07FDD/'.
[2021.11.10-14.45.45:662][  0]LogXGEController: Cannot use XGE Controller as Incredibuild is not installed on this machine.
[2021.11.10-14.45.45:663][  0]LogShaderCompilers: Cannot use XGE Shader Compiler as Incredibuild is not installed on this machine.
[2021.11.10-14.45.45:663][  0]LogShaderCompilers: Display: Using Local Shader Compiler.
[2021.11.10-14.45.51:462][  0]LogDerivedDataCache: Display: Max Cache Size: 512 MB
[2021.11.10-14.45.51:829][  0]LogDerivedDataCache: Loaded boot cache 0.35s 94MB C:/Users/ander/AppData/Local/UnrealEngine/4.27/DerivedDataCache/Boot.ddc.
[2021.11.10-14.45.51:829][  0]LogDerivedDataCache: Display: Loaded Boot cache: C:/Users/ander/AppData/Local/UnrealEngine/4.27/DerivedDataCache/Boot.ddc
[2021.11.10-14.45.51:830][  0]LogDerivedDataCache: FDerivedDataBackendGraph:  Pak pak cache file ../../../../../../NIKKO-G4/DerivedDataCache/DDC.ddp not found, will not use a pak cache.
[2021.11.10-14.45.51:830][  0]LogDerivedDataCache: Unable to find inner node Pak for hierarchical cache Hierarchy.
[2021.11.10-14.45.51:830][  0]LogDerivedDataCache: FDerivedDataBackendGraph:  CompressedPak pak cache file ../../../../../../NIKKO-G4/DerivedDataCache/Compressed.ddp not found, will not use a pak cache.
[2021.11.10-14.45.51:830][  0]LogDerivedDataCache: Unable to find inner node CompressedPak for hierarchical cache Hierarchy.
[2021.11.10-14.45.51:855][  0]LogDerivedDataCache: Display: Pak cache opened for reading ../../../Engine/DerivedDataCache/Compressed.ddp.
[2021.11.10-14.45.51:855][  0]LogDerivedDataCache: FDerivedDataBackendGraph:  EnterprisePak pak cache file ../../../Enterprise/DerivedDataCache/Compressed.ddp not found, will not use a pak cache.
[2021.11.10-14.45.51:855][  0]LogDerivedDataCache: Unable to find inner node EnterprisePak for hierarchical cache Hierarchy.
[2021.11.10-14.45.51:879][  0]LogDerivedDataCache: Speed tests for C:/Users/ander/AppData/Local/UnrealEngine/Common/DerivedDataCache took 0.02 seconds
[2021.11.10-14.45.51:879][  0]LogDerivedDataCache: Display: Performance to C:/Users/ander/AppData/Local/UnrealEngine/Common/DerivedDataCache: Latency=0.07ms. RandomReadSpeed=211.63MBs, RandomWriteSpeed=51.46MBs. Assigned SpeedClass 'Local'
[2021.11.10-14.45.51:995][  0]LogDerivedDataCache: Using Local data cache path C:/Users/ander/AppData/Local/UnrealEngine/Common/DerivedDataCache: Writable
[2021.11.10-14.45.51:996][  0]LogDerivedDataCache: Shared data cache path not found in *engine.ini, will not use an Shared cache.
[2021.11.10-14.45.51:996][  0]LogDerivedDataCache: Unable to find inner node Shared for hierarchical cache Hierarchy.
[2021.11.10-14.45.52:246][  0]LogSlate: Using FreeType 2.10.0
[2021.11.10-14.45.52:381][  0]LogSlate: SlateFontServices - WITH_FREETYPE: 1, WITH_HARFBUZZ: 1
[2021.11.10-14.45.52:524][  0]LogAssetRegistry: FAssetRegistry took 0.0100 seconds to start up
[2021.11.10-14.45.56:373][  0]LogInit: Selected Device Profile: [Windows]
[2021.11.10-14.45.56:375][  0]LogInit: Active device profile: [0000019736E22C00][00000197351E4CC0 49] Windows
[2021.11.10-14.45.56:385][  0]LogInit: Profiles: [0000019736E22C00][00000197351E4CC0 49] Windows, [0000019736D41700][00000197351E8E40 49] WindowsNoEditor, [0000019736E22200][00000197351ECFC0 49] WindowsServer, [0000019736D42000][00000197373BF140 49] WindowsClient, [0000019736E21C00][00000197373C32C0 49] IOS, [0000019736D41000][00000197373C7440 49] iPadAir, [0000019736E21700][00000197373CB5C0 49] iPadAir2, [0000019736CD9400][00000197373D3880 49] IPadPro, [0000019736CD9500][00000197373CF8C0 49] iPadAir3, [0000019736D40E00][00000197373D7A40 49] iPadAir4, [0000019736CDA400][00000197373DBBC0 49] iPadMini2, [0000019736D43E00][00000197373DE1C0 49] iPadMini3, [0000019736CDAF00][00000197373E2340 49] iPadMini4, [0000019736D42E00][00000197373E64C0 49] iPadMini5, [0000019736CE9000][00000197373EE780 49] iPhone6, [0000019736CE9100][00000197373EA7C0 49] iPodTouch6, [0000019736E22700][00000197351E0A40 49] iPhone7, [0000019736E22600][00000197373F2A80 49] iPodTouch7, [0000019736CDA900][00000197373F6BC0 49] iPhone5S, [0000019736CD9C00][00000197373FAD00 49] iPhone6Plus, [0000019736CE8F00][0000019737402E80 49] iPhone6S, [0000019736CD8A00][0000019737407000 49] iPhone6SPlus, [0000019736CE9E00][000001973740B180 49] iPhone7Plus, [0000019736CDBF00][000001973740F300 49] iPhoneSE, [0000019736CEAC00][0000019737413480 49] iPhone8, [0000019736CDA800][0000019737417600 49] iPhone8Plus, [0000019736CEA800][000001973741B780 49] iPhoneX, [0000019736CDB100][000001973741F900 49] iPhoneXS, [0000019736CEA200][0000019737423A80 49] iPhoneXSMax, [0000019736CDAA00][0000019737427C00 49] iPhoneXR, [0000019736CEA000][000001973742A200 49] iPhone11, [0000019736CDA200][000001973742E380 49] iPhone11Pro, [0000019736CE9F00][0000019737432500 49] iPhone11ProMax, [0000019736CDB600][0000019737436680 49] iPhoneSE2, [0000019736E23500][000001973743A800 49] iPhone12Mini, [0000019736CDAB00][000001973743E980 49] iPhone12, [0000019736E21800][0000019737442B00 49] iPhone12Pro, [0000019736CDA100][00000197373FEC40 49] iPhone12ProMax, [0000019736E22F00][0000019737446D80 49] iPadPro105, [0000019736CDBA00][000001973744AEC0 49] iPadPro129, [0000019736E22400][0000019737453040 49] iPadPro97, [0000019736CDA700][00000197374571C0 49] iPadPro2_129, [0000019736E22900][000001973745B340 49] iPad5, [0000019736CD9600][000001973745F4C0 49] iPad6, [0000019736E22B00][0000019737463640 49] iPad7, [0000019736CD9300][00000197374677C0 49] iPad8, [0000019736E22100][000001973746B940 49] iPadPro11, [0000019736CD8500][000001973746FAC0 49] iPadPro2_11, [0000019736E21400][00000197374720C0 49] iPadPro3_129, [0000019736CD8700][0000019737476240 49] iPadPro4_129, [0000019736E20A00][000001973747A3C0 49] AppleTV, [0000019736CD9900][000001973747E540 49] AppleTV4K, [0000019736E20E00][00000197374826C0 49] TVOS, [0000019736CDBB00][0000019737486840 49] Mac, [0000019736E21200][000001973748A9C0 49] MacClient, [0000019736CD8F00][000001973748EB40 49] MacNoEditor, [0000019736E20100][0000019737492CC0 49] MacServer, [0000019736CDAE00][000001973744EE00 49] Linux, [0000019736E22300][0000019737496F40 49] LinuxAArch64, [0000019736CD8300][000001973749B080 49] LinuxNoEditor, [0000019736E21F00][000001973749F1C0 49] LinuxAArch64NoEditor, [0000019736CD8900][00000197374A7340 49] LinuxClient, [0000019736E20700][00000197374AB4C0 49] LinuxAArch64Client, [0000019736CDBC00][00000197374AF640 49] LinuxServer, [0000019736E20600][00000197374B37C0 49] LinuxAArch64Server, [0000019736CDB700][00000197374B7940 49] Android, [0000019736E20900][00000197374BBAC0 49] Android_Low, [0000019736CDA300][00000197374BE0C0 49] Android_Mid, [0000019736E21000][00000197374C2240 49] Android_High, [0000019736CD9A00][00000197374C63C0 49] Android_Default, [0000019736E21B00][00000197374CA540 49] Android_Adreno4xx, [0000019736CDAD00][00000197374CE6C0 49] Android_Adreno5xx_Low, [0000019736E22A00][00000197374D2840 49] Android_Adreno5xx, [0000019736CD9800][00000197374D69C0 49] Android_Adreno6xx, [0000019736E23900][00000197374DAB40 49] Android_Adreno6xx_Vulkan, [0000019736CD8E00][00000197374DECC0 49] Android_Mali_T6xx, [0000019736E20200][00000197374E2E40 49] Android_Mali_T7xx, [0000019736D40700][00000197374A2F80 49] Android_Mali_T8xx, [0000019736CEB800][00000197374E70C0 49] Android_Mali_G71, [0000019736D42800][00000197374EB200 49] Android_Mali_G72, [0000019736CE9C00][00000197374EF340 49] Android_Mali_G72_Vulkan, [0000019736D41B00][00000197374F74C0 49] Android_Mali_G76, [0000019736CEAB00][00000197374FB640 49] Android_Mali_G76_Vulkan, [0000019736D41800][00000197374FF7C0 49] Android_Mali_G77, [0000019736CEA400][0000019737503940 49] Android_Mali_G77_Vulkan, [0000019736D43400][0000019737507AC0 49] Android_Mali_G78, [0000019736CEAA00][000001973750A0C0 49] Android_Mali_G78_Vulkan, [0000019736D43900][000001973750E240 49] Android_Mali_G710, [0000019736CE8100][00000197375123C0 49] Android_Mali_G710_Vulkan, [0000019736D40C00][0000019737516540 49] Android_Vulkan_SM5, [0000019736CEBA00][000001973751A6C0 49] Android_PowerVR_G6xxx, [0000019736D42F00][000001973751E840 49] Android_PowerVR_GT7xxx, [0000019736CEB700][00000197375229C0 49] Android_PowerVR_GE8xxx, [0000019736D41500][0000019737526B40 49] Android_PowerVR_GM9xxx, [0000019736CE8E00][000001973752ACC0 49] Android_PowerVR_GM9xxx_Vulkan, [0000019736D43C00][000001973752EE40 49] Android_TegraK1, [0000019736CE8900][0000019737532FC0 49] Android_Unknown_Vulkan, [0000019736D42400][0000019737537140 49] Lumin, [0000019736CE9800][00000197374F3280 49] Lumin_Desktop, [0000019736D42A00][000001973753B3C0 49] HoloLens, 
[2021.11.10-14.45.57:265][  0]LogMeshReduction: Using QuadricMeshReduction for automatic static mesh reduction
[2021.11.10-14.45.57:265][  0]LogMeshReduction: Using SimplygonMeshReduction for automatic skeletal mesh reduction
[2021.11.10-14.45.57:265][  0]LogMeshReduction: Using ProxyLODMeshReduction for automatic mesh merging
[2021.11.10-14.45.57:265][  0]LogMeshReduction: No distributed automatic mesh merging module available
[2021.11.10-14.45.57:266][  0]LogMeshMerging: No distributed automatic mesh merging module available
[2021.11.10-14.45.57:801][  0]LogNetVersion: NIKKO 1.0.0, NetCL: 17155196, EngineNetVer: 17, GameNetVer: 0 (Checksum: 3895836785)
[2021.11.10-14.46.03:468][  0]LogTexture: Default maximum texture size for cubemaps generated from long-lat sources has been changed from 512 to unlimited. In order to preserve old behaiour for '/Engine/MapTemplates/Sky/DaylightAmbientCubemap.DaylightAmbientCubemap', its maximum texture size has been explicitly set to 512.
[2021.11.10-14.46.04:137][  0]LogHMD: PokeAHoleMaterial loaded successfully
[2021.11.10-14.46.04:253][  0]LogUObjectArray: 17178 objects as part of root set at end of initial load.
[2021.11.10-14.46.04:253][  0]LogUObjectAllocator: 4301856 out of 0 bytes used by permanent object pool.
[2021.11.10-14.46.04:253][  0]LogUObjectArray: CloseDisregardForGC: 0/0 objects in disregard for GC pool
[2021.11.10-14.46.07:078][  0]LogNiagaraDebuggerClient: Niagara Debugger Client Initialized | Session: 34BE32454259BABF154F8C9523CCEF73 | Instance: AE6A031A46F13AE685284C830847C412 (LAPTOP-BPC12QII-20692).
[2021.11.10-14.46.07:121][  0]LogImageWrapper: Warning: PNG Warning: Duplicate iCCP chunk
[2021.11.10-14.46.07:121][  0]LogImageWrapper: Warning: PNG Warning: Duplicate iCCP chunk
[2021.11.10-14.46.07:153][  0]LogPython: Using Python 3.7.7
[2021.11.10-14.46.10:596][  0]LogAssetRegistry: Error: Failed to open file for write ../../../../../../NIKKO-G4/Intermediate/CachedAssetRegistry.bin.tmp
[2021.11.10-14.46.10:804][  0]LogTcpMessaging: Initializing TcpMessaging bridge
[2021.11.10-14.46.10:829][  0]LogUdpMessaging: Initializing bridge on interface 0.0.0.0:0 to multicast group 230.0.0.1:6666.
[2021.11.10-14.46.11:499][  0]SourceControl: Source control is disabled
[2021.11.10-14.46.11:499][  0]SourceControl: Source control is disabled
[2021.11.10-14.46.11:519][  0]SourceControl: Source control is disabled
[2021.11.10-14.46.11:531][  0]SourceControl: Source control is disabled
[2021.11.10-14.46.11:556][  0]SourceControl: Source control is disabled
[2021.11.10-14.46.12:208][  0]LogUProjectInfo: Found projects:
[2021.11.10-14.46.12:506][  0]LogOpenImageDenoise: OIDN starting up
[2021.11.10-14.46.12:563][  0]LogAndroidPermission: UAndroidPermissionCallbackProxy::GetInstance
[2021.11.10-14.46.12:612][  0]LogAudioCaptureCore: Display: No Audio Capture implementations found. Audio input will be silent.
[2021.11.10-14.46.12:612][  0]LogAudioCaptureCore: Display: No Audio Capture implementations found. Audio input will be silent.
[2021.11.10-14.46.13:028][  0]LogCollectionManager: Loaded 0 collections in 0.004288 seconds
[2021.11.10-14.46.13:133][  0]LogFileCache: Scanning file cache for directory 'C:/NIKKO-G4/Saved/Collections/' took 0.02s
[2021.11.10-14.46.13:133][  0]LogFileCache: Scanning file cache for directory 'C:/NIKKO-G4/Content/Developers/ander/Collections/' took 0.01s
[2021.11.10-14.46.13:133][  0]LogFileCache: Scanning file cache for directory 'C:/NIKKO-G4/Content/Collections/' took 0.00s
[2021.11.10-14.46.13:133][  0]LogOcInput: OculusInput pre-init called
[2021.11.10-14.46.13:998][  0]LogImageWrapper: Warning: PNG Warning: Duplicate iCCP chunk
[2021.11.10-14.46.13:998][  0]LogImageWrapper: Warning: PNG Warning: Duplicate iCCP chunk
[2021.11.10-14.46.14:390][  0]LogImageWrapper: Warning: PNG Warning: Duplicate iCCP chunk
[2021.11.10-14.46.14:390][  0]LogImageWrapper: Warning: PNG Warning: Duplicate iCCP chunk
[2021.11.10-14.46.14:676][  0]LogImageWrapper: Warning: PNG Warning: Duplicate iCCP chunk
[2021.11.10-14.46.14:676][  0]LogImageWrapper: Warning: PNG Warning: Duplicate iCCP chunk
[2021.11.10-14.46.15:614][  0]LogClass: Display: Int8Property FMTSJson::version is not initialized properly. Module:MegascansPlugin File:Private/Utilities/MTSReader.h
[2021.11.10-14.46.15:614][  0]LogClass: Display: Int16Property FMTSJson::resolutionValue is not initialized properly. Module:MegascansPlugin File:Private/Utilities/MTSReader.h
[2021.11.10-14.46.15:614][  0]LogClass: Display: BoolProperty FMTSJson::isExternal is not initialized properly. Module:MegascansPlugin File:Private/Utilities/MTSReader.h
[2021.11.10-14.46.15:614][  0]LogClass: Display: Int8Property FMTSJson::meshVersion is not initialized properly. Module:MegascansPlugin File:Private/Utilities/MTSReader.h
[2021.11.10-14.46.15:614][  0]LogClass: Display: BoolProperty FMTSJson::isCustom is not initialized properly. Module:MegascansPlugin File:Private/Utilities/MTSReader.h
[2021.11.10-14.46.15:614][  0]LogClass: Display: BoolProperty FMTSJson::isModularAsset is not initialized properly. Module:MegascansPlugin File:Private/Utilities/MTSReader.h
[2021.11.10-14.46.15:614][  0]LogClass: Display: Int8Property FLodList::variation is not initialized properly. Module:MegascansPlugin File:Private/Utilities/MTSReader.h
[2021.11.10-14.46.15:614][  0]LogClass: Display: Int16Property FMeshList::resolution is not initialized properly. Module:MegascansPlugin File:Private/Utilities/MTSReader.h
[2021.11.10-14.46.15:614][  0]LogClass: Display: Int16Property FComponents::resolution is not initialized properly. Module:MegascansPlugin File:Private/Utilities/MTSReader.h
[2021.11.10-14.46.15:614][  0]LogClass: Display: BoolProperty FTextureSets::isUdim is not initialized properly. Module:MegascansPlugin File:Private/Utilities/MTSReader.h
[2021.11.10-14.46.15:614][  0]LogClass: Display: BoolProperty FMeta::value is not initialized properly. Module:MegascansPlugin File:Private/Utilities/MTSReader.h
[2021.11.10-14.46.15:615][  0]LogClass: Display: 11 Uninitialized script struct members found including 0 object properties
[2021.11.10-14.46.15:661][  0]LogEngine: Initializing Engine...
[2021.11.10-14.46.16:074][  0]LogHMD: Failed to enumerate extensions. Please check that you have a valid OpenXR runtime installed.
[2021.11.10-14.46.16:076][  0]LogHMD: Failed to initialize OpenVR with code 110
[2021.11.10-14.46.16:077][  0]LogMagicLeap: Warning: VR disabled because ZI is not enabled.  To enable, in the editor, Edit -> Project Settings -> Plugins -> Magic Leap Plugin -> Enable Zero Iteration
[2021.11.10-14.46.16:112][  0]LogStats: UGameplayTagsManager::InitializeManager -  0.013 s
[2021.11.10-14.46.19:842][  0]LogInit: Initializing FReadOnlyCVARCache
[2021.11.10-14.46.20:009][  0]LogAIModule: Creating AISystem for world Untitled
[2021.11.10-14.46.20:040][  0]LogAudio: Display: Initializing Audio Device Manager...
[2021.11.10-14.46.20:058][  0]LogAudio: Display: Loading Default Audio Settings Objects...
[2021.11.10-14.46.20:061][  0]LogAudio: Display: No default SoundConcurrencyObject specified (or failed to load).
[2021.11.10-14.46.20:067][  0]LogAudio: Display: Audio Device Manager Initialized
[2021.11.10-14.46.20:068][  0]LogAudio: Display: Creating Audio Device:                 Id: 1, Scope: Shared, Realtime: True
[2021.11.10-14.46.20:070][  0]LogAudioMixer: Display: Audio Mixer Platform Settings:
[2021.11.10-14.46.20:071][  0]LogAudioMixer: Display: 	Sample Rate:						  48000
[2021.11.10-14.46.20:071][  0]LogAudioMixer: Display: 	Callback Buffer Frame Size Requested: 1024
[2021.11.10-14.46.20:071][  0]LogAudioMixer: Display: 	Callback Buffer Frame Size To Use:	  1024
[2021.11.10-14.46.20:071][  0]LogAudioMixer: Display: 	Number of buffers to queue:			  2
[2021.11.10-14.46.20:071][  0]LogAudioMixer: Display: 	Max Channels (voices):				  32
[2021.11.10-14.46.20:071][  0]LogAudioMixer: Display: 	Number of Async Source Workers:		  0
[2021.11.10-14.46.20:071][  0]LogAudio: Display: AudioDevice MaxSources: 32
[2021.11.10-14.46.20:076][  0]LogAudio: Display: Audio Spatialization Plugin: None (built-in).
[2021.11.10-14.46.20:076][  0]LogAudio: Display: Audio Reverb Plugin: None (built-in).
[2021.11.10-14.46.20:076][  0]LogAudio: Display: Audio Occlusion Plugin: None (built-in).
[2021.11.10-14.46.20:076][  0]LogAudioMixer: Display: Initializing audio mixer.
[2021.11.10-14.46.20:123][  0]LogAudioMixer: Display: 0: FrontLeft
[2021.11.10-14.46.20:123][  0]LogAudioMixer: Display: 1: FrontRight
[2021.11.10-14.46.20:464][  0]LogAudioMixer: Display: Using Audio Device Høyttalere (Realtek(R) Audio)
[2021.11.10-14.46.20:468][  0]LogAudioMixer: Display: Initializing Sound Submixes...
[2021.11.10-14.46.20:475][  0]LogAudioMixer: Display: Creating Master Submix 'MasterSubmixDefault'
[2021.11.10-14.46.20:475][  0]LogAudioMixer: Display: Creating Master Submix 'MasterReverbSubmixDefault'
[2021.11.10-14.46.20:482][  0]LogAudioMixer: Display: Creating Master Submix 'MasterEQSubmixDefault'
[2021.11.10-14.46.20:482][  0]LogAudioMixer: FMixerPlatformXAudio2::StartAudioStream() called
[2021.11.10-14.46.20:482][  0]LogAudioMixer: Display: Output buffers initialized: Frames=1024, Channels=2, Samples=2048
[2021.11.10-14.46.20:606][  0]LogAudioMixer: Display: Starting AudioMixerPlatformInterface::RunInternal()
[2021.11.10-14.46.20:606][  0]LogAudioMixer: Display: FMixerPlatformXAudio2::SubmitBuffer() called for the first time
[2021.11.10-14.46.20:606][  0]LogInit: FAudioDevice initialized.
[2021.11.10-14.46.20:615][  0]LogAudio: Display: Audio Device (ID: 1) registered with world 'Untitled'.
[2021.11.10-14.46.20:616][  0]LogNetVersion: Set ProjectVersion to 1.0.0.0. Version Checksum will be recalculated on next use.
[2021.11.10-14.46.20:652][  0]LogDerivedDataCache: Error: Could not save memory cache C:/Users/ander/AppData/Local/UnrealEngine/4.27/DerivedDataCache/Boot.ddc.
[2021.11.10-14.46.20:752][  0]LogInit: Texture streaming: Enabled
[2021.11.10-14.46.20:892][  0]LogAnalytics: Display: [UEEditor.Rocket.Release] APIServer = https://datarouter.ol.epicgames.com/. AppVersion = 4.27.1-17735300+++UE4+Release-4.27
[2021.11.10-14.46.20:929][  0]LogEngineSessionManager: EngineSessionManager initialized
[2021.11.10-14.46.20:936][  0]LogEditorSessionSummary: Verbose: Initializing EditorSessionSummaryWriter for editor session tracking
[2021.11.10-14.46.21:053][  0]LogEditorSessionSummary: EditorSessionSummaryWriter initialized
[2021.11.10-14.46.23:559][  0]LogInit: Transaction tracking system initialized
[2021.11.10-14.46.24:149][  0]BlueprintLog: New page: Editor Load
[2021.11.10-14.46.24:533][  0]LocalizationService: Localization service is disabled
[2021.11.10-14.46.24:635][  0]TimingProfiler: Initialize
[2021.11.10-14.46.24:637][  0]TimingProfiler: OnSessionChanged
[2021.11.10-14.46.24:638][  0]LoadingProfiler: Initialize
[2021.11.10-14.46.24:639][  0]LoadingProfiler: OnSessionChanged
[2021.11.10-14.46.24:639][  0]NetworkingProfiler: Initialize
[2021.11.10-14.46.24:639][  0]NetworkingProfiler: OnSessionChanged
[2021.11.10-14.46.24:639][  0]MemoryProfiler: Initialize
[2021.11.10-14.46.24:639][  0]MemoryProfiler: OnSessionChanged
[2021.11.10-14.46.24:651][  0]LogClass: Warning: In asset 'None', there is an enum property of type 'EIOSVersion' with an invalid value of 'IOS_11'
[2021.11.10-14.46.24:651][  0]LogObj: Error: LoadConfig (/Script/IOSRuntimeSettings.Default__IOSRuntimeSettings): import failed for MinimumiOSVersion in: IOS_11
[2021.11.10-14.46.27:243][  0]LogSlate: Took 0.013271 seconds to synchronously load lazily loaded font '../../../Engine/Content/Slate/Fonts/Roboto-Regular.ttf' (155K)
[2021.11.10-14.46.36:709][  0]LogSlate: Window 'Low drive space warning' being destroyed
[2021.11.10-14.46.36:712][  0]LogWindowsTextInputMethodSystem: Display: IME system deactivated.
[2021.11.10-14.46.36:726][  0]Message dialog closed, result: Ok, title: Low drive space warning, text: The following drive locations have limited free space.
It is recommended that you free some space to avoid issues such as crashed and data loss due to files not being able to be written and saved.

  271 MB Free 		 C:/Program Files/Epic Games/UE_4.27/Engine/Binaries/Win64/
 				 The base engine directory. 

  271 MB Free 		 C:/NIKKO-G4/
 				 The project directory. 

  271 MB Free 		 C:/Users/ander/OneDrive/Dokumenter/
 				 User directory where user specific settings are stored. 

[2021.11.10-14.46.37:355][  0]LogCook: Display: CookSettings for Memory: MemoryMaxUsedVirtual 0MiB, MemoryMaxUsedPhysical 16384MiB, MemoryMinFreeVirtual 0MiB, MemoryMinFreePhysical 1024MiB
[2021.11.10-14.46.37:355][  0]LogCook: Display: Mobile HDR setting 1
[2021.11.10-14.46.37:920][  0]LogFileCache: Scanning file cache for directory 'C:/NIKKO-G4/Content/' took 0.54s
[2021.11.10-14.46.39:187][  0]LogImageWrapper: Warning: PNG Warning: Duplicate iCCP chunk
[2021.11.10-14.46.39:187][  0]LogImageWrapper: Warning: PNG Warning: Duplicate iCCP chunk
[2021.11.10-14.46.39:216][  0]LogInit: Display: Engine is initialized. Leaving FEngineLoop::Init()
[2021.11.10-14.46.39:246][  0]SourceControl: Source control is disabled
[2021.11.10-14.46.39:248][  0]LogUnrealEdMisc: Loading editor; pre map load, took 62.287
[2021.11.10-14.46.39:251][  0]Cmd: MAP LOAD FILE="../../../../../../NIKKO-G4/Content/StoryAdvTemplate/Maps/Showroom.umap" TEMPLATE=0 SHOWPROGRESS=1 FEATURELEVEL=3
[2021.11.10-14.46.39:266][  0]LightingResults: New page: Lighting Build
[2021.11.10-14.46.39:288][  0]LogWorld: UWorld::CleanupWorld for Untitled, bSessionEnded=true, bCleanupResources=true
[2021.11.10-14.46.39:296][  0]LogSlate: InvalidateAllWidgets triggered.  All widgets were invalidated
[2021.11.10-14.46.39:306][  0]MapCheck: New page: Map Check
[2021.11.10-14.46.39:306][  0]LightingResults: New page: Lighting Build
[2021.11.10-14.46.39:569][  0]LogAudio: Display: Audio Device unregistered from world 'None'.
[2021.11.10-14.46.39:627][  0]LogUObjectHash: Compacting FUObjectHashTables data took   2.67ms
[2021.11.10-14.46.41:928][  0]LogBlueprint: Warning: [AssetLog] C:\NIKKO-G4\Content\StoryAdvTemplate\UserInterface\Menu\UI_Journal.uasset: [Compiler] On Clicked (CloseButton)  does not have a valid matching component!
[2021.11.10-14.46.47:707][  0]LogAudio: Display: Audio Device (ID: 1) registered with world 'Showroom'.
[2021.11.10-14.46.47:756][  0]LogAIModule: Creating AISystem for world Showroom
[2021.11.10-14.46.48:097][  0]LogStreaming: Display: ULevelStreaming::RequestLevel(/Game/StoryAdvTemplate/Maps/Sublevels/Example_Sublevel_A) is flushing async loading
[2021.11.10-14.46.48:097][  0]LogStreaming: Display: FlushAsyncLoading: 1 QueuedPackages, 0 AsyncPackages
[2021.11.10-14.46.48:610][  0]LogStreaming: Display: ULevelStreaming::RequestLevel(/Game/StoryAdvTemplate/Maps/MenuScene) is flushing async loading
[2021.11.10-14.46.48:990][  0]LogStreaming: Display: ULevelStreaming::RequestLevel(/Game/StoryAdvTemplate/Maps/Sublevels/Example_Sublevel_B) is flushing async loading
[2021.11.10-14.46.49:058][  0]LogStreaming: Display: ULevelStreaming::RequestLevel(/Game/StoryAdvTemplate/Maps/Sublevels/Example_Sublevel_C) is flushing async loading
[2021.11.10-14.46.49:150][  0]LogEditorServer: Finished looking for orphan Actors (0.001 secs)
[2021.11.10-14.46.49:293][  0]LogUObjectHash: Compacting FUObjectHashTables data took   5.72ms
[2021.11.10-14.46.49:300][  0]Cmd: MAP CHECKDEP NOCLEARLOG
[2021.11.10-14.46.49:303][  0]MapCheck: Map check complete: 0 Error(s), 0 Warning(s), took 2,238ms to complete.
[2021.11.10-14.46.49:304][  0]LogFileHelpers: Loading map 'Showroom' took 10.055
[2021.11.10-14.46.49:451][  0]LogUnrealEdMisc: Total Editor Startup Time, took 72.489
[2021.11.10-14.46.49:519][  0]LogWindowsTextInputMethodSystem: Display: IME system deactivated.
[2021.11.10-14.46.49:798][  0]LogSlate: Updating window title bar state: overlay mode, drag disabled, window buttons hidden, title bar hidden
[2021.11.10-14.46.49:811][  0]LogSlate: Updating window title bar state: overlay mode, drag disabled, window buttons hidden, title bar hidden
[2021.11.10-14.46.49:823][  0]LogSlate: Updating window title bar state: overlay mode, drag disabled, window buttons hidden, title bar hidden
[2021.11.10-14.46.49:835][  0]LogSlate: Updating window title bar state: overlay mode, drag disabled, window buttons hidden, title bar hidden
[2021.11.10-14.46.49:943][  0]LogNativeClassHierarchy: Verbose: Native class hierarchy populated in 0.0433 seconds. Added 3833 classes and 935 folders.
[2021.11.10-14.46.49:984][  0]LogNativeClassHierarchy: Verbose: Native class hierarchy updated for 'WidgetCarousel' in 0.0006 seconds. Added 0 classes and 0 folders.
[2021.11.10-14.46.50:028][  0]LogPakFile: PakFile PrimaryIndexSize=187
[2021.11.10-14.46.50:028][  0]LogPakFile: PakFile PathHashIndexSize=101
[2021.11.10-14.46.50:028][  0]LogPakFile: PakFile FullDirectoryIndexSize=148
[2021.11.10-14.46.50:030][  0]LogShaderLibrary: Display: ShaderCodeLibraryPakFileMountedCallback: PakFile 'C:/Program Files/Epic Games/UE_4.27/FeaturePacks/FP_FirstPerson.upack' (chunk index -1, root 'root:/') mounted
[2021.11.10-14.46.50:030][  0]LogShaderLibrary: Display: ShaderCodeLibraryPakFileMountedCallback: pending pak file info (ChunkID:-1 Root:root:/ File:C:/Program Files/Epic Games/UE_4.27/FeaturePacks/FP_FirstPerson.upack)
[2021.11.10-14.46.50:031][  0]LogPakFile: OnPakFileMounted2Time == 0.002436
[2021.11.10-14.46.50:053][  0]LogPakFile: PakFile PrimaryIndexSize=189
[2021.11.10-14.46.50:053][  0]LogPakFile: PakFile PathHashIndexSize=101
[2021.11.10-14.46.50:053][  0]LogPakFile: PakFile FullDirectoryIndexSize=152
[2021.11.10-14.46.50:053][  0]LogShaderLibrary: Display: ShaderCodeLibraryPakFileMountedCallback: PakFile 'C:/Program Files/Epic Games/UE_4.27/FeaturePacks/FP_FirstPersonBP.upack' (chunk index -1, root 'root:/') mounted
[2021.11.10-14.46.50:053][  0]LogShaderLibrary: Display: ShaderCodeLibraryPakFileMountedCallback: pending pak file info (ChunkID:-1 Root:root:/ File:C:/Program Files/Epic Games/UE_4.27/FeaturePacks/FP_FirstPersonBP.upack)
[2021.11.10-14.46.50:053][  0]LogPakFile: OnPakFileMounted2Time == 0.000056
[2021.11.10-14.46.50:064][  0]LogPakFile: PakFile PrimaryIndexSize=191
[2021.11.10-14.46.50:064][  0]LogPakFile: PakFile PathHashIndexSize=101
[2021.11.10-14.46.50:064][  0]LogPakFile: PakFile FullDirectoryIndexSize=160
[2021.11.10-14.46.50:064][  0]LogShaderLibrary: Display: ShaderCodeLibraryPakFileMountedCallback: PakFile 'C:/Program Files/Epic Games/UE_4.27/FeaturePacks/MobileStarterContent.upack' (chunk index -1, root 'root:/') mounted
[2021.11.10-14.46.50:064][  0]LogShaderLibrary: Display: ShaderCodeLibraryPakFileMountedCallback: pending pak file info (ChunkID:-1 Root:root:/ File:C:/Program Files/Epic Games/UE_4.27/FeaturePacks/MobileStarterContent.upack)
[2021.11.10-14.46.50:064][  0]LogPakFile: OnPakFileMounted2Time == 0.000051
[2021.11.10-14.46.50:074][  0]LogPakFile: PakFile PrimaryIndexSize=185
[2021.11.10-14.46.50:074][  0]LogPakFile: PakFile PathHashIndexSize=101
[2021.11.10-14.46.50:074][  0]LogPakFile: PakFile FullDirectoryIndexSize=148
[2021.11.10-14.46.50:074][  0]LogShaderLibrary: Display: ShaderCodeLibraryPakFileMountedCallback: PakFile 'C:/Program Files/Epic Games/UE_4.27/FeaturePacks/StarterContent.upack' (chunk index -1, root 'root:/') mounted
[2021.11.10-14.46.50:074][  0]LogShaderLibrary: Display: ShaderCodeLibraryPakFileMountedCallback: pending pak file info (ChunkID:-1 Root:root:/ File:C:/Program Files/Epic Games/UE_4.27/FeaturePacks/StarterContent.upack)
[2021.11.10-14.46.50:074][  0]LogPakFile: OnPakFileMounted2Time == 0.000074
[2021.11.10-14.46.50:085][  0]LogPakFile: PakFile PrimaryIndexSize=190
[2021.11.10-14.46.50:085][  0]LogPakFile: PakFile PathHashIndexSize=101
[2021.11.10-14.46.50:085][  0]LogPakFile: PakFile FullDirectoryIndexSize=154
[2021.11.10-14.46.50:085][  0]LogShaderLibrary: Display: ShaderCodeLibraryPakFileMountedCallback: PakFile 'C:/Program Files/Epic Games/UE_4.27/FeaturePacks/TP_2DSideScroller.upack' (chunk index -1, root 'root:/') mounted
[2021.11.10-14.46.50:085][  0]LogShaderLibrary: Display: ShaderCodeLibraryPakFileMountedCallback: pending pak file info (ChunkID:-1 Root:root:/ File:C:/Program Files/Epic Games/UE_4.27/FeaturePacks/TP_2DSideScroller.upack)
[2021.11.10-14.46.50:085][  0]LogPakFile: OnPakFileMounted2Time == 0.000048
[2021.11.10-14.46.50:094][  0]LogPakFile: PakFile PrimaryIndexSize=192
[2021.11.10-14.46.50:094][  0]LogPakFile: PakFile PathHashIndexSize=101
[2021.11.10-14.46.50:094][  0]LogPakFile: PakFile FullDirectoryIndexSize=158
[2021.11.10-14.46.50:094][  0]LogShaderLibrary: Display: ShaderCodeLibraryPakFileMountedCallback: PakFile 'C:/Program Files/Epic Games/UE_4.27/FeaturePacks/TP_2DSideScrollerBP.upack' (chunk index -1, root 'root:/') mounted
[2021.11.10-14.46.50:094][  0]LogShaderLibrary: Display: ShaderCodeLibraryPakFileMountedCallback: pending pak file info (ChunkID:-1 Root:root:/ File:C:/Program Files/Epic Games/UE_4.27/FeaturePacks/TP_2DSideScrollerBP.upack)
[2021.11.10-14.46.50:094][  0]LogPakFile: OnPakFileMounted2Time == 0.000056
[2021.11.10-14.46.50:104][  0]LogPakFile: PakFile PrimaryIndexSize=182
[2021.11.10-14.46.50:104][  0]LogPakFile: PakFile PathHashIndexSize=101
[2021.11.10-14.46.50:104][  0]LogPakFile: PakFile FullDirectoryIndexSize=138
[2021.11.10-14.46.50:104][  0]LogShaderLibrary: Display: ShaderCodeLibraryPakFileMountedCallback: PakFile 'C:/Program Files/Epic Games/UE_4.27/FeaturePacks/TP_Flying.upack' (chunk index -1, root 'root:/') mounted
[2021.11.10-14.46.50:104][  0]LogShaderLibrary: Display: ShaderCodeLibraryPakFileMountedCallback: pending pak file info (ChunkID:-1 Root:root:/ File:C:/Program Files/Epic Games/UE_4.27/FeaturePacks/TP_Flying.upack)
[2021.11.10-14.46.50:104][  0]LogPakFile: OnPakFileMounted2Time == 0.000094
[2021.11.10-14.46.50:114][  0]LogPakFile: PakFile PrimaryIndexSize=184
[2021.11.10-14.46.50:114][  0]LogPakFile: PakFile PathHashIndexSize=101
[2021.11.10-14.46.50:114][  0]LogPakFile: PakFile FullDirectoryIndexSize=142
[2021.11.10-14.46.50:115][  0]LogShaderLibrary: Display: ShaderCodeLibraryPakFileMountedCallback: PakFile 'C:/Program Files/Epic Games/UE_4.27/FeaturePacks/TP_FlyingBP.upack' (chunk index -1, root 'root:/') mounted
[2021.11.10-14.46.50:115][  0]LogShaderLibrary: Display: ShaderCodeLibraryPakFileMountedCallback: pending pak file info (ChunkID:-1 Root:root:/ File:C:/Program Files/Epic Games/UE_4.27/FeaturePacks/TP_FlyingBP.upack)
[2021.11.10-14.46.50:115][  0]LogPakFile: OnPakFileMounted2Time == 0.000059
[2021.11.10-14.46.50:127][  0]LogPakFile: PakFile PrimaryIndexSize=188
[2021.11.10-14.46.50:127][  0]LogPakFile: PakFile PathHashIndexSize=101
[2021.11.10-14.46.50:127][  0]LogPakFile: PakFile FullDirectoryIndexSize=150
[2021.11.10-14.46.50:127][  0]LogShaderLibrary: Display: ShaderCodeLibraryPakFileMountedCallback: PakFile 'C:/Program Files/Epic Games/UE_4.27/FeaturePacks/TP_HandheldARBP.upack' (chunk index -1, root 'root:/') mounted
[2021.11.10-14.46.50:127][  0]LogShaderLibrary: Display: ShaderCodeLibraryPakFileMountedCallback: pending pak file info (ChunkID:-1 Root:root:/ File:C:/Program Files/Epic Games/UE_4.27/FeaturePacks/TP_HandheldARBP.upack)
[2021.11.10-14.46.50:127][  0]LogPakFile: OnPakFileMounted2Time == 0.000062
[2021.11.10-14.46.50:138][  0]LogPakFile: PakFile PrimaryIndexSize=182
[2021.11.10-14.46.50:138][  0]LogPakFile: PakFile PathHashIndexSize=101
[2021.11.10-14.46.50:138][  0]LogPakFile: PakFile FullDirectoryIndexSize=138
[2021.11.10-14.46.50:138][  0]LogShaderLibrary: Display: ShaderCodeLibraryPakFileMountedCallback: PakFile 'C:/Program Files/Epic Games/UE_4.27/FeaturePacks/TP_Puzzle.upack' (chunk index -1, root 'root:/') mounted
[2021.11.10-14.46.50:138][  0]LogShaderLibrary: Display: ShaderCodeLibraryPakFileMountedCallback: pending pak file info (ChunkID:-1 Root:root:/ File:C:/Program Files/Epic Games/UE_4.27/FeaturePacks/TP_Puzzle.upack)
[2021.11.10-14.46.50:138][  0]LogPakFile: OnPakFileMounted2Time == 0.000048
[2021.11.10-14.46.50:146][  0]LogPakFile: PakFile PrimaryIndexSize=184
[2021.11.10-14.46.50:146][  0]LogPakFile: PakFile PathHashIndexSize=101
[2021.11.10-14.46.50:147][  0]LogPakFile: PakFile FullDirectoryIndexSize=142
[2021.11.10-14.46.50:147][  0]LogShaderLibrary: Display: ShaderCodeLibraryPakFileMountedCallback: PakFile 'C:/Program Files/Epic Games/UE_4.27/FeaturePacks/TP_PuzzleBP.upack' (chunk index -1, root 'root:/') mounted
[2021.11.10-14.46.50:147][  0]LogShaderLibrary: Display: ShaderCodeLibraryPakFileMountedCallback: pending pak file info (ChunkID:-1 Root:root:/ File:C:/Program Files/Epic Games/UE_4.27/FeaturePacks/TP_PuzzleBP.upack)
[2021.11.10-14.46.50:147][  0]LogPakFile: OnPakFileMounted2Time == 0.000052
[2021.11.10-14.46.50:160][  0]LogPakFile: PakFile PrimaryIndexSize=183
[2021.11.10-14.46.50:160][  0]LogPakFile: PakFile PathHashIndexSize=101
[2021.11.10-14.46.50:160][  0]LogPakFile: PakFile FullDirectoryIndexSize=140
[2021.11.10-14.46.50:160][  0]LogShaderLibrary: Display: ShaderCodeLibraryPakFileMountedCallback: PakFile 'C:/Program Files/Epic Games/UE_4.27/FeaturePacks/TP_Rolling.upack' (chunk index -1, root 'root:/') mounted
[2021.11.10-14.46.50:160][  0]LogShaderLibrary: Display: ShaderCodeLibraryPakFileMountedCallback: pending pak file info (ChunkID:-1 Root:root:/ File:C:/Program Files/Epic Games/UE_4.27/FeaturePacks/TP_Rolling.upack)
[2021.11.10-14.46.50:160][  0]LogPakFile: OnPakFileMounted2Time == 0.000051
[2021.11.10-14.46.50:169][  0]LogPakFile: PakFile PrimaryIndexSize=185
[2021.11.10-14.46.50:169][  0]LogPakFile: PakFile PathHashIndexSize=101
[2021.11.10-14.46.50:169][  0]LogPakFile: PakFile FullDirectoryIndexSize=144
[2021.11.10-14.46.50:169][  0]LogShaderLibrary: Display: ShaderCodeLibraryPakFileMountedCallback: PakFile 'C:/Program Files/Epic Games/UE_4.27/FeaturePacks/TP_RollingBP.upack' (chunk index -1, root 'root:/') mounted
[2021.11.10-14.46.50:169][  0]LogShaderLibrary: Display: ShaderCodeLibraryPakFileMountedCallback: pending pak file info (ChunkID:-1 Root:root:/ File:C:/Program Files/Epic Games/UE_4.27/FeaturePacks/TP_RollingBP.upack)
[2021.11.10-14.46.50:169][  0]LogPakFile: OnPakFileMounted2Time == 0.000079
[2021.11.10-14.46.50:178][  0]LogPakFile: PakFile PrimaryIndexSize=188
[2021.11.10-14.46.50:178][  0]LogPakFile: PakFile PathHashIndexSize=101
[2021.11.10-14.46.50:178][  0]LogPakFile: PakFile FullDirectoryIndexSize=150
[2021.11.10-14.46.50:178][  0]LogShaderLibrary: Display: ShaderCodeLibraryPakFileMountedCallback: PakFile 'C:/Program Files/Epic Games/UE_4.27/FeaturePacks/TP_SideScroller.upack' (chunk index -1, root 'root:/') mounted
[2021.11.10-14.46.50:178][  0]LogShaderLibrary: Display: ShaderCodeLibraryPakFileMountedCallback: pending pak file info (ChunkID:-1 Root:root:/ File:C:/Program Files/Epic Games/UE_4.27/FeaturePacks/TP_SideScroller.upack)
[2021.11.10-14.46.50:178][  0]LogPakFile: OnPakFileMounted2Time == 0.000075
[2021.11.10-14.46.50:188][  0]LogPakFile: PakFile PrimaryIndexSize=190
[2021.11.10-14.46.50:188][  0]LogPakFile: PakFile PathHashIndexSize=101
[2021.11.10-14.46.50:188][  0]LogPakFile: PakFile FullDirectoryIndexSize=154
[2021.11.10-14.46.50:188][  0]LogShaderLibrary: Display: ShaderCodeLibraryPakFileMountedCallback: PakFile 'C:/Program Files/Epic Games/UE_4.27/FeaturePacks/TP_SideScrollerBP.upack' (chunk index -1, root 'root:/') mounted
[2021.11.10-14.46.50:188][  0]LogShaderLibrary: Display: ShaderCodeLibraryPakFileMountedCallback: pending pak file info (ChunkID:-1 Root:root:/ File:C:/Program Files/Epic Games/UE_4.27/FeaturePacks/TP_SideScrollerBP.upack)
[2021.11.10-14.46.50:188][  0]LogPakFile: OnPakFileMounted2Time == 0.000062
[2021.11.10-14.46.50:200][  0]LogPakFile: PakFile PrimaryIndexSize=187
[2021.11.10-14.46.50:200][  0]LogPakFile: PakFile PathHashIndexSize=101
[2021.11.10-14.46.50:201][  0]LogPakFile: PakFile FullDirectoryIndexSize=148
[2021.11.10-14.46.50:201][  0]LogShaderLibrary: Display: ShaderCodeLibraryPakFileMountedCallback: PakFile 'C:/Program Files/Epic Games/UE_4.27/FeaturePacks/TP_ThirdPerson.upack' (chunk index -1, root 'root:/') mounted
[2021.11.10-14.46.50:201][  0]LogShaderLibrary: Display: ShaderCodeLibraryPakFileMountedCallback: pending pak file info (ChunkID:-1 Root:root:/ File:C:/Program Files/Epic Games/UE_4.27/FeaturePacks/TP_ThirdPerson.upack)
[2021.11.10-14.46.50:201][  0]LogPakFile: OnPakFileMounted2Time == 0.000064
[2021.11.10-14.46.50:212][  0]LogPakFile: PakFile PrimaryIndexSize=189
[2021.11.10-14.46.50:212][  0]LogPakFile: PakFile PathHashIndexSize=101
[2021.11.10-14.46.50:212][  0]LogPakFile: PakFile FullDirectoryIndexSize=152
[2021.11.10-14.46.50:212][  0]LogShaderLibrary: Display: ShaderCodeLibraryPakFileMountedCallback: PakFile 'C:/Program Files/Epic Games/UE_4.27/FeaturePacks/TP_ThirdPersonBP.upack' (chunk index -1, root 'root:/') mounted
[2021.11.10-14.46.50:212][  0]LogShaderLibrary: Display: ShaderCodeLibraryPakFileMountedCallback: pending pak file info (ChunkID:-1 Root:root:/ File:C:/Program Files/Epic Games/UE_4.27/FeaturePacks/TP_ThirdPersonBP.upack)
[2021.11.10-14.46.50:212][  0]LogPakFile: OnPakFileMounted2Time == 0.000078
[2021.11.10-14.46.50:222][  0]LogPakFile: PakFile PrimaryIndexSize=183
[2021.11.10-14.46.50:222][  0]LogPakFile: PakFile PathHashIndexSize=101
[2021.11.10-14.46.50:222][  0]LogPakFile: PakFile FullDirectoryIndexSize=140
[2021.11.10-14.46.50:222][  0]LogShaderLibrary: Display: ShaderCodeLibraryPakFileMountedCallback: PakFile 'C:/Program Files/Epic Games/UE_4.27/FeaturePacks/TP_TopDown.upack' (chunk index -1, root 'root:/') mounted
[2021.11.10-14.46.50:222][  0]LogShaderLibrary: Display: ShaderCodeLibraryPakFileMountedCallback: pending pak file info (ChunkID:-1 Root:root:/ File:C:/Program Files/Epic Games/UE_4.27/FeaturePacks/TP_TopDown.upack)
[2021.11.10-14.46.50:222][  0]LogPakFile: OnPakFileMounted2Time == 0.000078
[2021.11.10-14.46.50:232][  0]LogPakFile: PakFile PrimaryIndexSize=185
[2021.11.10-14.46.50:232][  0]LogPakFile: PakFile PathHashIndexSize=101
[2021.11.10-14.46.50:232][  0]LogPakFile: PakFile FullDirectoryIndexSize=144
[2021.11.10-14.46.50:232][  0]LogShaderLibrary: Display: ShaderCodeLibraryPakFileMountedCallback: PakFile 'C:/Program Files/Epic Games/UE_4.27/FeaturePacks/TP_TopDownBP.upack' (chunk index -1, root 'root:/') mounted
[2021.11.10-14.46.50:232][  0]LogShaderLibrary: Display: ShaderCodeLibraryPakFileMountedCallback: pending pak file info (ChunkID:-1 Root:root:/ File:C:/Program Files/Epic Games/UE_4.27/FeaturePacks/TP_TopDownBP.upack)
[2021.11.10-14.46.50:232][  0]LogPakFile: OnPakFileMounted2Time == 0.000066
[2021.11.10-14.46.50:246][  0]LogPakFile: PakFile PrimaryIndexSize=185
[2021.11.10-14.46.50:246][  0]LogPakFile: PakFile PathHashIndexSize=101
[2021.11.10-14.46.50:246][  0]LogPakFile: PakFile FullDirectoryIndexSize=144
[2021.11.10-14.46.50:246][  0]LogShaderLibrary: Display: ShaderCodeLibraryPakFileMountedCallback: PakFile 'C:/Program Files/Epic Games/UE_4.27/FeaturePacks/TP_TwinStick.upack' (chunk index -1, root 'root:/') mounted
[2021.11.10-14.46.50:246][  0]LogShaderLibrary: Display: ShaderCodeLibraryPakFileMountedCallback: pending pak file info (ChunkID:-1 Root:root:/ File:C:/Program Files/Epic Games/UE_4.27/FeaturePacks/TP_TwinStick.upack)
[2021.11.10-14.46.50:246][  0]LogPakFile: OnPakFileMounted2Time == 0.000060
[2021.11.10-14.46.50:257][  0]LogPakFile: PakFile PrimaryIndexSize=187
[2021.11.10-14.46.50:257][  0]LogPakFile: PakFile PathHashIndexSize=101
[2021.11.10-14.46.50:257][  0]LogPakFile: PakFile FullDirectoryIndexSize=148
[2021.11.10-14.46.50:257][  0]LogShaderLibrary: Display: ShaderCodeLibraryPakFileMountedCallback: PakFile 'C:/Program Files/Epic Games/UE_4.27/FeaturePacks/TP_TwinStickBP.upack' (chunk index -1, root 'root:/') mounted
[2021.11.10-14.46.50:257][  0]LogShaderLibrary: Display: ShaderCodeLibraryPakFileMountedCallback: pending pak file info (ChunkID:-1 Root:root:/ File:C:/Program Files/Epic Games/UE_4.27/FeaturePacks/TP_TwinStickBP.upack)
[2021.11.10-14.46.50:258][  0]LogPakFile: OnPakFileMounted2Time == 0.000087
[2021.11.10-14.46.50:268][  0]LogPakFile: PakFile PrimaryIndexSize=183
[2021.11.10-14.46.50:268][  0]LogPakFile: PakFile PathHashIndexSize=101
[2021.11.10-14.46.50:268][  0]LogPakFile: PakFile FullDirectoryIndexSize=140
[2021.11.10-14.46.50:268][  0]LogShaderLibrary: Display: ShaderCodeLibraryPakFileMountedCallback: PakFile 'C:/Program Files/Epic Games/UE_4.27/FeaturePacks/TP_Vehicle.upack' (chunk index -1, root 'root:/') mounted
[2021.11.10-14.46.50:269][  0]LogShaderLibrary: Display: ShaderCodeLibraryPakFileMountedCallback: pending pak file info (ChunkID:-1 Root:root:/ File:C:/Program Files/Epic Games/UE_4.27/FeaturePacks/TP_Vehicle.upack)
[2021.11.10-14.46.50:269][  0]LogPakFile: OnPakFileMounted2Time == 0.000071
[2021.11.10-14.46.50:278][  0]LogPakFile: PakFile PrimaryIndexSize=186
[2021.11.10-14.46.50:278][  0]LogPakFile: PakFile PathHashIndexSize=101
[2021.11.10-14.46.50:278][  0]LogPakFile: PakFile FullDirectoryIndexSize=146
[2021.11.10-14.46.50:278][  0]LogShaderLibrary: Display: ShaderCodeLibraryPakFileMountedCallback: PakFile 'C:/Program Files/Epic Games/UE_4.27/FeaturePacks/TP_VehicleAdv.upack' (chunk index -1, root 'root:/') mounted
[2021.11.10-14.46.50:278][  0]LogShaderLibrary: Display: ShaderCodeLibraryPakFileMountedCallback: pending pak file info (ChunkID:-1 Root:root:/ File:C:/Program Files/Epic Games/UE_4.27/FeaturePacks/TP_VehicleAdv.upack)
[2021.11.10-14.46.50:278][  0]LogPakFile: OnPakFileMounted2Time == 0.000059
[2021.11.10-14.46.50:289][  0]LogPakFile: PakFile PrimaryIndexSize=188
[2021.11.10-14.46.50:289][  0]LogPakFile: PakFile PathHashIndexSize=101
[2021.11.10-14.46.50:289][  0]LogPakFile: PakFile FullDirectoryIndexSize=150
[2021.11.10-14.46.50:289][  0]LogShaderLibrary: Display: ShaderCodeLibraryPakFileMountedCallback: PakFile 'C:/Program Files/Epic Games/UE_4.27/FeaturePacks/TP_VehicleAdvBP.upack' (chunk index -1, root 'root:/') mounted
[2021.11.10-14.46.50:289][  0]LogShaderLibrary: Display: ShaderCodeLibraryPakFileMountedCallback: pending pak file info (ChunkID:-1 Root:root:/ File:C:/Program Files/Epic Games/UE_4.27/FeaturePacks/TP_VehicleAdvBP.upack)
[2021.11.10-14.46.50:289][  0]LogPakFile: OnPakFileMounted2Time == 0.000067
[2021.11.10-14.46.50:300][  0]LogPakFile: PakFile PrimaryIndexSize=185
[2021.11.10-14.46.50:300][  0]LogPakFile: PakFile PathHashIndexSize=101
[2021.11.10-14.46.50:300][  0]LogPakFile: PakFile FullDirectoryIndexSize=144
[2021.11.10-14.46.50:300][  0]LogShaderLibrary: Display: ShaderCodeLibraryPakFileMountedCallback: PakFile 'C:/Program Files/Epic Games/UE_4.27/FeaturePacks/TP_VehicleBP.upack' (chunk index -1, root 'root:/') mounted
[2021.11.10-14.46.50:300][  0]LogShaderLibrary: Display: ShaderCodeLibraryPakFileMountedCallback: pending pak file info (ChunkID:-1 Root:root:/ File:C:/Program Files/Epic Games/UE_4.27/FeaturePacks/TP_VehicleBP.upack)
[2021.11.10-14.46.50:300][  0]LogPakFile: OnPakFileMounted2Time == 0.000060
[2021.11.10-14.46.50:310][  0]LogPakFile: PakFile PrimaryIndexSize=192
[2021.11.10-14.46.50:310][  0]LogPakFile: PakFile PathHashIndexSize=101
[2021.11.10-14.46.50:310][  0]LogPakFile: PakFile FullDirectoryIndexSize=158
[2021.11.10-14.46.50:310][  0]LogShaderLibrary: Display: ShaderCodeLibraryPakFileMountedCallback: PakFile 'C:/Program Files/Epic Games/UE_4.27/FeaturePacks/TP_VirtualRealityBP.upack' (chunk index -1, root 'root:/') mounted
[2021.11.10-14.46.50:310][  0]LogShaderLibrary: Display: ShaderCodeLibraryPakFileMountedCallback: pending pak file info (ChunkID:-1 Root:root:/ File:C:/Program Files/Epic Games/UE_4.27/FeaturePacks/TP_VirtualRealityBP.upack)
[2021.11.10-14.46.50:310][  0]LogPakFile: OnPakFileMounted2Time == 0.000049
[2021.11.10-14.46.51:181][  0]LogNativeClassHierarchy: Verbose: Native class hierarchy updated for 'AddContentDialog' in 0.0006 seconds. Added 0 classes and 0 folders.
[2021.11.10-14.46.51:272][  0]LogNativeClassHierarchy: Verbose: Native class hierarchy updated for 'SceneOutliner' in 0.0009 seconds. Added 2 classes and 0 folders.
[2021.11.10-14.46.53:338][  0]LogSlate: Took 0.125421 seconds to synchronously load lazily loaded font '../../../Engine/Content/Editor/Slate/Fonts/FontAwesome.ttf' (139K)
[2021.11.10-14.46.53:362][  0]LogSlate: Took 0.015841 seconds to synchronously load lazily loaded font '../../../Engine/Content/Slate/Fonts/Roboto-Bold.ttf' (160K)
[2021.11.10-14.46.53:596][  0]LogRenderer: Reallocating scene render targets to support 1052x432 Format 10 NumSamples 1 (Frame:1).
[2021.11.10-14.46.54:776][  0]LogNativeClassHierarchy: Verbose: Native class hierarchy updated for 'HierarchicalLODOutliner' in 0.0004 seconds. Added 0 classes and 0 folders.
[2021.11.10-14.46.54:778][  0]LogLoad: (Engine Initialization) Total time: 77.82 seconds
[2021.11.10-14.46.54:778][  0]LogLoad: (Engine Initialization) Total Blueprint compile time: 0.00 seconds
[2021.11.10-14.46.55:198][  0]LogContentStreaming: Texture pool size now 1000 MB
[2021.11.10-14.46.56:228][  2]LogSlate: Took 0.018128 seconds to synchronously load lazily loaded font '../../../Engine/Content/Slate/Fonts/Roboto-Light.ttf' (167K)
[2021.11.10-14.46.58:917][ 35]LogAssetRegistry: Asset discovery search completed in 66.3935 seconds
[2021.11.10-14.46.58:958][ 35]LogCollectionManager: Fixed up redirectors for 0 collections in 0.000006 seconds (updated 0 objects)
[2021.11.10-14.47.12:791][456]LogUObjectHash: Compacting FUObjectHashTables data took   1.22ms
[2021.11.10-14.47.12:856][456]LogSlate: Took 0.000817 seconds to synchronously load lazily loaded font '../../../Engine/Content/Slate/Fonts/Roboto-Light.ttf' (167K)
[2021.11.10-14.47.18:000][456]LogAssetEditorSubsystem: Opening Asset editor for World /Game/Gruppe4/Levels/Greyboxing/Chapter4_greybox2.Chapter4_greybox2
[2021.11.10-14.47.18:001][456]Cmd: MAP LOAD FILE="../../../../../../NIKKO-G4/Content/Gruppe4/Levels/Greyboxing/Chapter4_greybox2.umap" TEMPLATE=0 SHOWPROGRESS=1 FEATURELEVEL=3
[2021.11.10-14.47.18:002][456]LightingResults: New page: Lighting Build
[2021.11.10-14.47.18:004][456]LoadErrors: New page: Loading map: Chapter4_greybox2.umap
[2021.11.10-14.47.18:034][456]LogWorld: UWorld::CleanupWorld for Showroom, bSessionEnded=true, bCleanupResources=true
[2021.11.10-14.47.18:037][456]LogSlate: InvalidateAllWidgets triggered.  All widgets were invalidated
[2021.11.10-14.47.18:038][456]LogWorld: UWorld::CleanupWorld for Example_Sublevel_A, bSessionEnded=true, bCleanupResources=true
[2021.11.10-14.47.18:038][456]LogSlate: InvalidateAllWidgets triggered.  All widgets were invalidated
[2021.11.10-14.47.18:039][456]LogWorld: UWorld::CleanupWorld for MenuScene, bSessionEnded=true, bCleanupResources=true
[2021.11.10-14.47.18:039][456]LogSlate: InvalidateAllWidgets triggered.  All widgets were invalidated
[2021.11.10-14.47.18:039][456]LogWorld: UWorld::CleanupWorld for Example_Sublevel_B, bSessionEnded=true, bCleanupResources=true
[2021.11.10-14.47.18:039][456]LogSlate: InvalidateAllWidgets triggered.  All widgets were invalidated
[2021.11.10-14.47.18:039][456]LogWorld: UWorld::CleanupWorld for Example_Sublevel_C, bSessionEnded=true, bCleanupResources=true
[2021.11.10-14.47.18:039][456]LogSlate: InvalidateAllWidgets triggered.  All widgets were invalidated
[2021.11.10-14.47.18:044][456]MapCheck: New page: Map Check
[2021.11.10-14.47.18:044][456]LightingResults: New page: Lighting Build
[2021.11.10-14.47.18:065][456]LogAudio: Display: Audio Device unregistered from world 'None'.
[2021.11.10-14.47.18:253][456]LogUObjectHash: Compacting FUObjectHashTables data took   2.00ms
[2021.11.10-14.47.18:259][456]LogAudio: Display: Audio Device (ID: 1) registered with world 'Chapter4_greybox2'.
[2021.11.10-14.47.19:454][456]LogEditorServer: Finished looking for orphan Actors (0.000 secs)
[2021.11.10-14.47.19:454][456]LogAIModule: Creating AISystem for world Chapter4_greybox2
[2021.11.10-14.47.19:475][456]LogUObjectHash: Compacting FUObjectHashTables data took   1.39ms
[2021.11.10-14.47.19:489][456]Cmd: MAP CHECKDEP NOCLEARLOG
[2021.11.10-14.47.19:489][456]MapCheck: Map check complete: 0 Error(s), 0 Warning(s), took 0,29ms to complete.
[2021.11.10-14.47.19:489][456]LogFileHelpers: Loading map 'Chapter4_greybox2' took 1.488
[2021.11.10-14.47.19:600][456]LogUObjectHash: Compacting FUObjectHashTables data took   0.68ms
[2021.11.10-14.49.42:879][513]LogEditorViewport: Clicking on Actor (LMB): Landscape (Landscape)
[2021.11.10-14.50.11:836][ 92]LogEditorViewport: Clicking Background
[2021.11.10-14.50.16:638][367]LogEditorViewport: Clicking Background
[2021.11.10-14.50.28:599][ 66]LogUObjectHash: Compacting FUObjectHashTables data took   1.50ms
[2021.11.10-14.50.29:286][ 66]LogSavePackage: Moving '../../../../../../NIKKO-G4/Saved/Chapter4_greybox21C3B58084EFE8023D4005C9D1FBF8E2E.tmp' to '../../../../../../NIKKO-G4/Content/Gruppe4/Levels/Greyboxing/Chapter4_greybox2.umap'
[2021.11.10-14.50.31:135][ 66]LogSavePackage: Moving '../../../../../../NIKKO-G4/Saved/Chapter4_greybox2_BuiltData146190D045CEB48D33F6FEB4A6148A49.tmp' to '../../../../../../NIKKO-G4/Content/Gruppe4/Levels/Greyboxing/Chapter4_greybox2_BuiltData.uasset'
[2021.11.10-14.50.31:168][ 66]AssetCheck: New page: Asset Save: multiple assets
[2021.11.10-14.50.31:168][ 66]LogContentValidation: Display: Validating World /Game/Gruppe4/Levels/Greyboxing/Chapter4_greybox2.Chapter4_greybox2
[2021.11.10-14.50.31:168][ 66]LogContentValidation: Display: Validating MapBuildDataRegistry /Game/Gruppe4/Levels/Greyboxing/Chapter4_greybox2_BuiltData.Chapter4_greybox2_BuiltData
